# JRE version: OpenJDK Runtime Environment (7.0_65-b32) (build 1.7.0_65-b32)
# Java VM: OpenJDK 64-Bit Server VM (24.65-b04 mixed mode linux-amd64 compressed oops)
Heap
 PSYoungGen      total 211968K, used 9364K [0x00000000eaa80000, 0x00000000f8500000, 0x0000000100000000)
  eden space 200192K, 0% used [0x00000000eaa80000,0x00000000eaa80000,0x00000000f6e00000)
  from space 11776K, 79% used [0x00000000f6e00000,0x00000000f7725260,0x00000000f7980000)
  to   space 11264K, 0% used [0x00000000f7a00000,0x00000000f7a00000,0x00000000f8500000)
 ParOldGen       total 41984K, used 39558K [0x00000000c0000000, 0x00000000c2900000, 0x00000000eaa80000)
  object space 41984K, 94% used [0x00000000c0000000,0x00000000c26a1938,0x00000000c2900000)
 PSPermGen       total 21504K, used 7627K [0x00000000b5a00000, 0x00000000b6f00000, 0x00000000c0000000)
  object space 21504K, 35% used [0x00000000b5a00000,0x00000000b6172d48,0x00000000b6f00000)
GC Heap History (10 events):
Event: 5.734 GC heap after
Heap after GC invocations=6 (full 0):
 PSYoungGen      total 72192K, used 6942K [0x00000000eaa80000, 0x00000000ef980000, 0x0000000100000000)
  eden space 63488K, 0% used [0x00000000eaa80000,0x00000000eaa80000,0x00000000ee880000)
  from space 8704K, 79% used [0x00000000ef100000,0x00000000ef7c7968,0x00000000ef980000)
  to   space 8704K, 0% used [0x00000000ee880000,0x00000000ee880000,0x00000000ef100000)
 ParOldGen       total 41984K, used 18123K [0x00000000c0000000, 0x00000000c2900000, 0x00000000eaa80000)
  object space 41984K, 43% used [0x00000000c0000000,0x00000000c11b2c10,0x00000000c2900000)
 PSPermGen       total 21504K, used 6802K [0x00000000b5a00000, 0x00000000b6f00000, 0x00000000c0000000)
  object space 21504K, 31% used [0x00000000b5a00000,0x00000000b60a4870,0x00000000b6f00000)
}
Event: 7.531 GC heap before
{Heap before GC invocations=7 (full 0):
 PSYoungGen      total 72192K, used 70430K [0x00000000eaa80000, 0x00000000ef980000, 0x0000000100000000)
  eden space 63488K, 100% used [0x00000000eaa80000,0x00000000ee880000,0x00000000ee880000)
  from space 8704K, 79% used [0x00000000ef100000,0x00000000ef7c7968,0x00000000ef980000)
  to   space 8704K, 0% used [0x00000000ee880000,0x00000000ee880000,0x00000000ef100000)
 ParOldGen       total 41984K, used 18123K [0x00000000c0000000, 0x00000000c2900000, 0x00000000eaa80000)
  object space 41984K, 43% used [0x00000000c0000000,0x00000000c11b2c10,0x00000000c2900000)
 PSPermGen       total 21504K, used 7498K [0x00000000b5a00000, 0x00000000b6f00000, 0x00000000c0000000)
  object space 21504K, 34% used [0x00000000b5a00000,0x00000000b6152938,0x00000000b6f00000)
Event: 7.637 GC heap after
Heap after GC invocations=7 (full 0):
 PSYoungGen      total 72192K, used 7487K [0x00000000eaa80000, 0x00000000f3880000, 0x0000000100000000)
  eden space 63488K, 0% used [0x00000000eaa80000,0x00000000eaa80000,0x00000000ee880000)
  from space 8704K, 86% used [0x00000000ee880000,0x00000000eefcfc38,0x00000000ef100000)
  to   space 9216K, 0% used [0x00000000f2f80000,0x00000000f2f80000,0x00000000f3880000)
 ParOldGen       total 41984K, used 19147K [0x00000000c0000000, 0x00000000c2900000, 0x00000000eaa80000)
  object space 41984K, 45% used [0x00000000c0000000,0x00000000c12b2d30,0x00000000c2900000)
 PSPermGen       total 21504K, used 7498K [0x00000000b5a00000, 0x00000000b6f00000, 0x00000000c0000000)
  object space 21504K, 34% used [0x00000000b5a00000,0x00000000b6152938,0x00000000b6f00000)
}
Event: 7.878 GC heap before
{Heap before GC invocations=8 (full 0):
 PSYoungGen      total 72192K, used 70975K [0x00000000eaa80000, 0x00000000f3880000, 0x0000000100000000)
  eden space 63488K, 100% used [0x00000000eaa80000,0x00000000ee880000,0x00000000ee880000)
  from space 8704K, 86% used [0x00000000ee880000,0x00000000eefcfc38,0x00000000ef100000)
  to   space 9216K, 0% used [0x00000000f2f80000,0x00000000f2f80000,0x00000000f3880000)
 ParOldGen       total 41984K, used 19147K [0x00000000c0000000, 0x00000000c2900000, 0x00000000eaa80000)
  object space 41984K, 45% used [0x00000000c0000000,0x00000000c12b2d30,0x00000000c2900000)
 PSPermGen       total 21504K, used 7519K [0x00000000b5a00000, 0x00000000b6f00000, 0x00000000c0000000)
  object space 21504K, 34% used [0x00000000b5a00000,0x00000000b6157d90,0x00000000b6f00000)
Event: 7.890 GC heap after
Heap after GC invocations=8 (full 0):
 PSYoungGen      total 134144K, used 9206K [0x00000000eaa80000, 0x00000000f3c80000, 0x0000000100000000)
  eden space 124928K, 0% used [0x00000000eaa80000,0x00000000eaa80000,0x00000000f2480000)
  from space 9216K, 99% used [0x00000000f2f80000,0x00000000f387db70,0x00000000f3880000)
  to   space 11264K, 0% used [0x00000000f2480000,0x00000000f2480000,0x00000000f2f80000)
 ParOldGen       total 41984K, used 21560K [0x00000000c0000000, 0x00000000c2900000, 0x00000000eaa80000)
  object space 41984K, 51% used [0x00000000c0000000,0x00000000c150e250,0x00000000c2900000)
 PSPermGen       total 21504K, used 7519K [0x00000000b5a00000, 0x00000000b6f00000, 0x00000000c0000000)
  object space 21504K, 34% used [0x00000000b5a00000,0x00000000b6157d90,0x00000000b6f00000)
}
Event: 8.337 GC heap before
{Heap before GC invocations=9 (full 0):
 PSYoungGen      total 134144K, used 134134K [0x00000000eaa80000, 0x00000000f3c80000, 0x0000000100000000)
  eden space 124928K, 100% used [0x00000000eaa80000,0x00000000f2480000,0x00000000f2480000)
  from space 9216K, 99% used [0x00000000f2f80000,0x00000000f387db70,0x00000000f3880000)
  to   space 11264K, 0% used [0x00000000f2480000,0x00000000f2480000,0x00000000f2f80000)
 ParOldGen       total 41984K, used 21560K [0x00000000c0000000, 0x00000000c2900000, 0x00000000eaa80000)
  object space 41984K, 51% used [0x00000000c0000000,0x00000000c150e250,0x00000000c2900000)
 PSPermGen       total 21504K, used 7619K [0x00000000b5a00000, 0x00000000b6f00000, 0x00000000c0000000)
  object space 21504K, 35% used [0x00000000b5a00000,0x00000000b6170c70,0x00000000b6f00000)
Event: 8.541 GC heap after
Heap after GC invocations=9 (full 0):
 PSYoungGen      total 136192K, used 10955K [0x00000000eaa80000, 0x00000000f8600000, 0x0000000100000000)
  eden space 124928K, 0% used [0x00000000eaa80000,0x00000000eaa80000,0x00000000f2480000)
  from space 11264K, 97% used [0x00000000f2480000,0x00000000f2f32f68,0x00000000f2f80000)
  to   space 12288K, 0% used [0x00000000f7a00000,0x00000000f7a00000,0x00000000f8600000)
 ParOldGen       total 41984K, used 25780K [0x00000000c0000000, 0x00000000c2900000, 0x00000000eaa80000)
  object space 41984K, 61% used [0x00000000c0000000,0x00000000c192d1c8,0x00000000c2900000)
 PSPermGen       total 21504K, used 7619K [0x00000000b5a00000, 0x00000000b6f00000, 0x00000000c0000000)
  object space 21504K, 35% used [0x00000000b5a00000,0x00000000b6170c70,0x00000000b6f00000)
}
Event: 8.779 GC heap before
{Heap before GC invocations=10 (full 0):
 PSYoungGen      total 136192K, used 135407K [0x00000000eaa80000, 0x00000000f8600000, 0x0000000100000000)
  eden space 124928K, 99% used [0x00000000eaa80000,0x00000000f2408fa0,0x00000000f2480000)
  from space 11264K, 97% used [0x00000000f2480000,0x00000000f2f32f68,0x00000000f2f80000)
  to   space 12288K, 0% used [0x00000000f7a00000,0x00000000f7a00000,0x00000000f8600000)
 ParOldGen       total 41984K, used 25780K [0x00000000c0000000, 0x00000000c2900000, 0x00000000eaa80000)
  object space 41984K, 61% used [0x00000000c0000000,0x00000000c192d1c8,0x00000000c2900000)
 PSPermGen       total 21504K, used 7622K [0x00000000b5a00000, 0x00000000b6f00000, 0x00000000c0000000)
  object space 21504K, 35% used [0x00000000b5a00000,0x00000000b61718a0,0x00000000b6f00000)
Event: 9.396 GC heap after
Heap after GC invocations=10 (full 0):
 PSYoungGen      total 211456K, used 7355K [0x00000000eaa80000, 0x00000000f8500000, 0x0000000100000000)
  eden space 200192K, 0% used [0x00000000eaa80000,0x00000000eaa80000,0x00000000f6e00000)
  from space 11264K, 65% used [0x00000000f7a00000,0x00000000f812ed90,0x00000000f8500000)
  to   space 11776K, 0% used [0x00000000f6e00000,0x00000000f6e00000,0x00000000f7980000)
 ParOldGen       total 41984K, used 31680K [0x00000000c0000000, 0x00000000c2900000, 0x00000000eaa80000)
  object space 41984K, 75% used [0x00000000c0000000,0x00000000c1ef0218,0x00000000c2900000)
 PSPermGen       total 21504K, used 7622K [0x00000000b5a00000, 0x00000000b6f00000, 0x00000000c0000000)
  object space 21504K, 35% used [0x00000000b5a00000,0x00000000b61718a0,0x00000000b6f00000)
}
Event: 9.736 GC heap before
{Heap before GC invocations=11 (full 0):
 PSYoungGen      total 211456K, used 207547K [0x00000000eaa80000, 0x00000000f8500000, 0x0000000100000000)
  eden space 200192K, 100% used [0x00000000eaa80000,0x00000000f6e00000,0x00000000f6e00000)
  from space 11264K, 65% used [0x00000000f7a00000,0x00000000f812ed90,0x00000000f8500000)
  to   space 11776K, 0% used [0x00000000f6e00000,0x00000000f6e00000,0x00000000f7980000)
 ParOldGen       total 41984K, used 31680K [0x00000000c0000000, 0x00000000c2900000, 0x00000000eaa80000)
  object space 41984K, 75% used [0x00000000c0000000,0x00000000c1ef0218,0x00000000c2900000)
 PSPermGen       total 21504K, used 7627K [0x00000000b5a00000, 0x00000000b6f00000, 0x00000000c0000000)
  object space 21504K, 35% used [0x00000000b5a00000,0x00000000b6172d48,0x00000000b6f00000)

