# JRE version: Java(TM) SE Runtime Environment (7.0_55-b13) (build 1.7.0_55-b13)
# Java VM: Java HotSpot(TM) 64-Bit Server VM (24.55-b03 mixed mode linux-amd64 compressed oops)
Heap
 PSYoungGen      total 216064K, used 14050K [0x00000000eaa80000, 0x00000000f8d80000, 0x0000000100000000)
  eden space 200704K, 0% used [0x00000000eaa80000,0x00000000eaa80000,0x00000000f6e80000)
  from space 15360K, 91% used [0x00000000f6e80000,0x00000000f7c388c8,0x00000000f7d80000)
  to   space 14336K, 0% used [0x00000000f7d80000,0x00000000f7d80000,0x00000000f8b80000)
 ParOldGen       total 41984K, used 39198K [0x00000000c0000000, 0x00000000c2900000, 0x00000000eaa80000)
  object space 41984K, 93% used [0x00000000c0000000,0x00000000c26478d8,0x00000000c2900000)
 PSPermGen       total 21504K, used 7161K [0x00000000bae00000, 0x00000000bc300000, 0x00000000c0000000)
  object space 21504K, 33% used [0x00000000bae00000,0x00000000bb4fe6d8,0x00000000bc300000)
GC Heap History (10 events):
Event: 6.174 GC heap after
Heap after GC invocations=6 (full 0):
 PSYoungGen      total 73728K, used 8276K [0x00000000eaa80000, 0x00000000efc80000, 0x0000000100000000)
  eden space 63488K, 0% used [0x00000000eaa80000,0x00000000eaa80000,0x00000000ee880000)
  from space 10240K, 80% used [0x00000000ef280000,0x00000000efa95290,0x00000000efc80000)
  to   space 10240K, 0% used [0x00000000ee880000,0x00000000ee880000,0x00000000ef280000)
 ParOldGen       total 41984K, used 20296K [0x00000000c0000000, 0x00000000c2900000, 0x00000000eaa80000)
  object space 41984K, 48% used [0x00000000c0000000,0x00000000c13d2228,0x00000000c2900000)
 PSPermGen       total 21504K, used 6993K [0x00000000bae00000, 0x00000000bc300000, 0x00000000c0000000)
  object space 21504K, 32% used [0x00000000bae00000,0x00000000bb4d4748,0x00000000bc300000)
}
Event: 6.891 GC heap before
{Heap before GC invocations=7 (full 0):
 PSYoungGen      total 73728K, used 69923K [0x00000000eaa80000, 0x00000000efc80000, 0x0000000100000000)
  eden space 63488K, 97% used [0x00000000eaa80000,0x00000000ee6b3c98,0x00000000ee880000)
  from space 10240K, 80% used [0x00000000ef280000,0x00000000efa95290,0x00000000efc80000)
  to   space 10240K, 0% used [0x00000000ee880000,0x00000000ee880000,0x00000000ef280000)
 ParOldGen       total 41984K, used 20296K [0x00000000c0000000, 0x00000000c2900000, 0x00000000eaa80000)
  object space 41984K, 48% used [0x00000000c0000000,0x00000000c13d2228,0x00000000c2900000)
 PSPermGen       total 21504K, used 7044K [0x00000000bae00000, 0x00000000bc300000, 0x00000000c0000000)
  object space 21504K, 32% used [0x00000000bae00000,0x00000000bb4e10c0,0x00000000bc300000)
Event: 6.901 GC heap after
Heap after GC invocations=7 (full 0):
 PSYoungGen      total 73728K, used 5242K [0x00000000eaa80000, 0x00000000f3a80000, 0x0000000100000000)
  eden space 63488K, 0% used [0x00000000eaa80000,0x00000000eaa80000,0x00000000ee880000)
  from space 10240K, 51% used [0x00000000ee880000,0x00000000eed9e938,0x00000000ef280000)
  to   space 10240K, 0% used [0x00000000f3080000,0x00000000f3080000,0x00000000f3a80000)
 ParOldGen       total 41984K, used 22046K [0x00000000c0000000, 0x00000000c2900000, 0x00000000eaa80000)
  object space 41984K, 52% used [0x00000000c0000000,0x00000000c1587850,0x00000000c2900000)
 PSPermGen       total 21504K, used 7044K [0x00000000bae00000, 0x00000000bc300000, 0x00000000c0000000)
  object space 21504K, 32% used [0x00000000bae00000,0x00000000bb4e10c0,0x00000000bc300000)
}
Event: 7.116 GC heap before
{Heap before GC invocations=8 (full 0):
 PSYoungGen      total 73728K, used 68730K [0x00000000eaa80000, 0x00000000f3a80000, 0x0000000100000000)
  eden space 63488K, 100% used [0x00000000eaa80000,0x00000000ee880000,0x00000000ee880000)
  from space 10240K, 51% used [0x00000000ee880000,0x00000000eed9e938,0x00000000ef280000)
  to   space 10240K, 0% used [0x00000000f3080000,0x00000000f3080000,0x00000000f3a80000)
 ParOldGen       total 41984K, used 22046K [0x00000000c0000000, 0x00000000c2900000, 0x00000000eaa80000)
  object space 41984K, 52% used [0x00000000c0000000,0x00000000c1587850,0x00000000c2900000)
 PSPermGen       total 21504K, used 7057K [0x00000000bae00000, 0x00000000bc300000, 0x00000000c0000000)
  object space 21504K, 32% used [0x00000000bae00000,0x00000000bb4e4408,0x00000000bc300000)
Event: 7.129 GC heap after
Heap after GC invocations=8 (full 0):
 PSYoungGen      total 136192K, used 9799K [0x00000000eaa80000, 0x00000000f3c80000, 0x0000000100000000)
  eden space 125952K, 0% used [0x00000000eaa80000,0x00000000eaa80000,0x00000000f2580000)
  from space 10240K, 95% used [0x00000000f3080000,0x00000000f3a11f38,0x00000000f3a80000)
  to   space 11264K, 0% used [0x00000000f2580000,0x00000000f2580000,0x00000000f3080000)
 ParOldGen       total 41984K, used 22414K [0x00000000c0000000, 0x00000000c2900000, 0x00000000eaa80000)
  object space 41984K, 53% used [0x00000000c0000000,0x00000000c15e3850,0x00000000c2900000)
 PSPermGen       total 21504K, used 7057K [0x00000000bae00000, 0x00000000bc300000, 0x00000000c0000000)
  object space 21504K, 32% used [0x00000000bae00000,0x00000000bb4e4408,0x00000000bc300000)
}
Event: 7.594 GC heap before
{Heap before GC invocations=9 (full 0):
 PSYoungGen      total 136192K, used 135751K [0x00000000eaa80000, 0x00000000f3c80000, 0x0000000100000000)
  eden space 125952K, 100% used [0x00000000eaa80000,0x00000000f2580000,0x00000000f2580000)
  from space 10240K, 95% used [0x00000000f3080000,0x00000000f3a11f38,0x00000000f3a80000)
  to   space 11264K, 0% used [0x00000000f2580000,0x00000000f2580000,0x00000000f3080000)
 ParOldGen       total 41984K, used 22414K [0x00000000c0000000, 0x00000000c2900000, 0x00000000eaa80000)
  object space 41984K, 53% used [0x00000000c0000000,0x00000000c15e3850,0x00000000c2900000)
 PSPermGen       total 21504K, used 7151K [0x00000000bae00000, 0x00000000bc300000, 0x00000000c0000000)
  object space 21504K, 33% used [0x00000000bae00000,0x00000000bb4fbc78,0x00000000bc300000)
Event: 7.614 GC heap after
Heap after GC invocations=9 (full 0):
 PSYoungGen      total 137216K, used 11253K [0x00000000eaa80000, 0x00000000f8b80000, 0x0000000100000000)
  eden space 125952K, 0% used [0x00000000eaa80000,0x00000000eaa80000,0x00000000f2580000)
  from space 11264K, 99% used [0x00000000f2580000,0x00000000f307d6c8,0x00000000f3080000)
  to   space 14336K, 0% used [0x00000000f7d80000,0x00000000f7d80000,0x00000000f8b80000)
 ParOldGen       total 41984K, used 26208K [0x00000000c0000000, 0x00000000c2900000, 0x00000000eaa80000)
  object space 41984K, 62% used [0x00000000c0000000,0x00000000c19980d8,0x00000000c2900000)
 PSPermGen       total 21504K, used 7151K [0x00000000bae00000, 0x00000000bc300000, 0x00000000c0000000)
  object space 21504K, 33% used [0x00000000bae00000,0x00000000bb4fbc78,0x00000000bc300000)
}
Event: 7.853 GC heap before
{Heap before GC invocations=10 (full 0):
 PSYoungGen      total 137216K, used 137205K [0x00000000eaa80000, 0x00000000f8b80000, 0x0000000100000000)
  eden space 125952K, 100% used [0x00000000eaa80000,0x00000000f2580000,0x00000000f2580000)
  from space 11264K, 99% used [0x00000000f2580000,0x00000000f307d6c8,0x00000000f3080000)
  to   space 14336K, 0% used [0x00000000f7d80000,0x00000000f7d80000,0x00000000f8b80000)
 ParOldGen       total 41984K, used 26208K [0x00000000c0000000, 0x00000000c2900000, 0x00000000eaa80000)
  object space 41984K, 62% used [0x00000000c0000000,0x00000000c19980d8,0x00000000c2900000)
 PSPermGen       total 21504K, used 7154K [0x00000000bae00000, 0x00000000bc300000, 0x00000000c0000000)
  object space 21504K, 33% used [0x00000000bae00000,0x00000000bb4fca98,0x00000000bc300000)
Event: 7.871 GC heap after
Heap after GC invocations=10 (full 0):
 PSYoungGen      total 215040K, used 13155K [0x00000000eaa80000, 0x00000000f8d80000, 0x0000000100000000)
  eden space 200704K, 0% used [0x00000000eaa80000,0x00000000eaa80000,0x00000000f6e80000)
  from space 14336K, 91% used [0x00000000f7d80000,0x00000000f8a58d48,0x00000000f8b80000)
  to   space 15360K, 0% used [0x00000000f6e80000,0x00000000f6e80000,0x00000000f7d80000)
 ParOldGen       total 41984K, used 29761K [0x00000000c0000000, 0x00000000c2900000, 0x00000000eaa80000)
  object space 41984K, 70% used [0x00000000c0000000,0x00000000c1d10780,0x00000000c2900000)
 PSPermGen       total 21504K, used 7154K [0x00000000bae00000, 0x00000000bc300000, 0x00000000c0000000)
  object space 21504K, 33% used [0x00000000bae00000,0x00000000bb4fca98,0x00000000bc300000)
}
Event: 8.244 GC heap before
{Heap before GC invocations=11 (full 0):
 PSYoungGen      total 215040K, used 213859K [0x00000000eaa80000, 0x00000000f8d80000, 0x0000000100000000)
  eden space 200704K, 100% used [0x00000000eaa80000,0x00000000f6e80000,0x00000000f6e80000)
  from space 14336K, 91% used [0x00000000f7d80000,0x00000000f8a58d48,0x00000000f8b80000)
  to   space 15360K, 0% used [0x00000000f6e80000,0x00000000f6e80000,0x00000000f7d80000)
 ParOldGen       total 41984K, used 29761K [0x00000000c0000000, 0x00000000c2900000, 0x00000000eaa80000)
  object space 41984K, 70% used [0x00000000c0000000,0x00000000c1d10780,0x00000000c2900000)
 PSPermGen       total 21504K, used 7161K [0x00000000bae00000, 0x00000000bc300000, 0x00000000c0000000)
  object space 21504K, 33% used [0x00000000bae00000,0x00000000bb4fe6d8,0x00000000bc300000)

