# JRE version: Java(TM) SE Runtime Environment (7.0_55-b13) (build 1.7.0_55-b13)
# Java VM: Java HotSpot(TM) 64-Bit Server VM (24.55-b03 mixed mode linux-amd64 compressed oops)
Heap
 PSYoungGen      total 210432K, used 10748K [0x00000000eaa80000, 0x00000000f8300000, 0x0000000100000000)
  eden space 199680K, 0% used [0x00000000eaa80000,0x00000000eaa80000,0x00000000f6d80000)
  from space 10752K, 99% used [0x00000000f6d80000,0x00000000f77ff288,0x00000000f7800000)
  to   space 10240K, 0% used [0x00000000f7800000,0x00000000f7800000,0x00000000f8200000)
 ParOldGen       total 46080K, used 44520K [0x00000000c0000000, 0x00000000c2d00000, 0x00000000eaa80000)
  object space 46080K, 96% used [0x00000000c0000000,0x00000000c2b7a028,0x00000000c2d00000)
 PSPermGen       total 21504K, used 7162K [0x00000000bae00000, 0x00000000bc300000, 0x00000000c0000000)
  object space 21504K, 33% used [0x00000000bae00000,0x00000000bb4fea88,0x00000000bc300000)
GC Heap History (10 events):
Event: 6.433 GC heap after
Heap after GC invocations=6 (full 0):
 PSYoungGen      total 69632K, used 7150K [0x00000000eaa80000, 0x00000000ef880000, 0x0000000100000000)
  eden space 62464K, 0% used [0x00000000eaa80000,0x00000000eaa80000,0x00000000ee780000)
  from space 7168K, 99% used [0x00000000eef80000,0x00000000ef67b978,0x00000000ef680000)
  to   space 8192K, 0% used [0x00000000ee780000,0x00000000ee780000,0x00000000eef80000)
 ParOldGen       total 41984K, used 17333K [0x00000000c0000000, 0x00000000c2900000, 0x00000000eaa80000)
  object space 41984K, 41% used [0x00000000c0000000,0x00000000c10ed7f8,0x00000000c2900000)
 PSPermGen       total 21504K, used 6994K [0x00000000bae00000, 0x00000000bc300000, 0x00000000c0000000)
  object space 21504K, 32% used [0x00000000bae00000,0x00000000bb4d49c0,0x00000000bc300000)
}
Event: 6.908 GC heap before
{Heap before GC invocations=7 (full 0):
 PSYoungGen      total 69632K, used 67971K [0x00000000eaa80000, 0x00000000ef880000, 0x0000000100000000)
  eden space 62464K, 97% used [0x00000000eaa80000,0x00000000ee5e5370,0x00000000ee780000)
  from space 7168K, 99% used [0x00000000eef80000,0x00000000ef67b978,0x00000000ef680000)
  to   space 8192K, 0% used [0x00000000ee780000,0x00000000ee780000,0x00000000eef80000)
 ParOldGen       total 41984K, used 17333K [0x00000000c0000000, 0x00000000c2900000, 0x00000000eaa80000)
  object space 41984K, 41% used [0x00000000c0000000,0x00000000c10ed7f8,0x00000000c2900000)
 PSPermGen       total 21504K, used 7045K [0x00000000bae00000, 0x00000000bc300000, 0x00000000c0000000)
  object space 21504K, 32% used [0x00000000bae00000,0x00000000bb4e1470,0x00000000bc300000)
Event: 6.925 GC heap after
Heap after GC invocations=7 (full 0):
 PSYoungGen      total 70656K, used 5124K [0x00000000eaa80000, 0x00000000f3480000, 0x0000000100000000)
  eden space 62464K, 0% used [0x00000000eaa80000,0x00000000eaa80000,0x00000000ee780000)
  from space 8192K, 62% used [0x00000000ee780000,0x00000000eec81038,0x00000000eef80000)
  to   space 8192K, 0% used [0x00000000f2c80000,0x00000000f2c80000,0x00000000f3480000)
 ParOldGen       total 41984K, used 18503K [0x00000000c0000000, 0x00000000c2900000, 0x00000000eaa80000)
  object space 41984K, 44% used [0x00000000c0000000,0x00000000c1211d40,0x00000000c2900000)
 PSPermGen       total 21504K, used 7045K [0x00000000bae00000, 0x00000000bc300000, 0x00000000c0000000)
  object space 21504K, 32% used [0x00000000bae00000,0x00000000bb4e1470,0x00000000bc300000)
}
Event: 7.175 GC heap before
{Heap before GC invocations=8 (full 0):
 PSYoungGen      total 70656K, used 67588K [0x00000000eaa80000, 0x00000000f3480000, 0x0000000100000000)
  eden space 62464K, 100% used [0x00000000eaa80000,0x00000000ee780000,0x00000000ee780000)
  from space 8192K, 62% used [0x00000000ee780000,0x00000000eec81038,0x00000000eef80000)
  to   space 8192K, 0% used [0x00000000f2c80000,0x00000000f2c80000,0x00000000f3480000)
 ParOldGen       total 41984K, used 18503K [0x00000000c0000000, 0x00000000c2900000, 0x00000000eaa80000)
  object space 41984K, 44% used [0x00000000c0000000,0x00000000c1211d40,0x00000000c2900000)
 PSPermGen       total 21504K, used 7057K [0x00000000bae00000, 0x00000000bc300000, 0x00000000c0000000)
  object space 21504K, 32% used [0x00000000bae00000,0x00000000bb4e47b8,0x00000000bc300000)
Event: 7.189 GC heap after
Heap after GC invocations=8 (full 0):
 PSYoungGen      total 133120K, used 6129K [0x00000000eaa80000, 0x00000000f3480000, 0x0000000100000000)
  eden space 124928K, 0% used [0x00000000eaa80000,0x00000000eaa80000,0x00000000f2480000)
  from space 8192K, 74% used [0x00000000f2c80000,0x00000000f327c690,0x00000000f3480000)
  to   space 8192K, 0% used [0x00000000f2480000,0x00000000f2480000,0x00000000f2c80000)
 ParOldGen       total 41984K, used 19063K [0x00000000c0000000, 0x00000000c2900000, 0x00000000eaa80000)
  object space 41984K, 45% used [0x00000000c0000000,0x00000000c129dd40,0x00000000c2900000)
 PSPermGen       total 21504K, used 7057K [0x00000000bae00000, 0x00000000bc300000, 0x00000000c0000000)
  object space 21504K, 32% used [0x00000000bae00000,0x00000000bb4e47b8,0x00000000bc300000)
}
Event: 8.180 GC heap before
{Heap before GC invocations=9 (full 0):
 PSYoungGen      total 133120K, used 131057K [0x00000000eaa80000, 0x00000000f3480000, 0x0000000100000000)
  eden space 124928K, 100% used [0x00000000eaa80000,0x00000000f2480000,0x00000000f2480000)
  from space 8192K, 74% used [0x00000000f2c80000,0x00000000f327c690,0x00000000f3480000)
  to   space 8192K, 0% used [0x00000000f2480000,0x00000000f2480000,0x00000000f2c80000)
 ParOldGen       total 41984K, used 19063K [0x00000000c0000000, 0x00000000c2900000, 0x00000000eaa80000)
  object space 41984K, 45% used [0x00000000c0000000,0x00000000c129dd40,0x00000000c2900000)
 PSPermGen       total 21504K, used 7152K [0x00000000bae00000, 0x00000000bc300000, 0x00000000c0000000)
  object space 21504K, 33% used [0x00000000bae00000,0x00000000bb4fc028,0x00000000bc300000)
Event: 8.188 GC heap after
Heap after GC invocations=9 (full 0):
 PSYoungGen      total 133120K, used 8185K [0x00000000eaa80000, 0x00000000f8200000, 0x0000000100000000)
  eden space 124928K, 0% used [0x00000000eaa80000,0x00000000eaa80000,0x00000000f2480000)
  from space 8192K, 99% used [0x00000000f2480000,0x00000000f2c7e498,0x00000000f2c80000)
  to   space 10240K, 0% used [0x00000000f7800000,0x00000000f7800000,0x00000000f8200000)
 ParOldGen       total 41984K, used 22649K [0x00000000c0000000, 0x00000000c2900000, 0x00000000eaa80000)
  object space 41984K, 53% used [0x00000000c0000000,0x00000000c161e4d0,0x00000000c2900000)
 PSPermGen       total 21504K, used 7152K [0x00000000bae00000, 0x00000000bc300000, 0x00000000c0000000)
  object space 21504K, 33% used [0x00000000bae00000,0x00000000bb4fc028,0x00000000bc300000)
}
Event: 8.442 GC heap before
{Heap before GC invocations=10 (full 0):
 PSYoungGen      total 133120K, used 132302K [0x00000000eaa80000, 0x00000000f8200000, 0x0000000100000000)
  eden space 124928K, 99% used [0x00000000eaa80000,0x00000000f23b5420,0x00000000f2480000)
  from space 8192K, 99% used [0x00000000f2480000,0x00000000f2c7e498,0x00000000f2c80000)
  to   space 10240K, 0% used [0x00000000f7800000,0x00000000f7800000,0x00000000f8200000)
 ParOldGen       total 41984K, used 22649K [0x00000000c0000000, 0x00000000c2900000, 0x00000000eaa80000)
  object space 41984K, 53% used [0x00000000c0000000,0x00000000c161e4d0,0x00000000c2900000)
 PSPermGen       total 21504K, used 7155K [0x00000000bae00000, 0x00000000bc300000, 0x00000000c0000000)
  object space 21504K, 33% used [0x00000000bae00000,0x00000000bb4fce48,0x00000000bc300000)
Event: 8.459 GC heap after
Heap after GC invocations=10 (full 0):
 PSYoungGen      total 209920K, used 9739K [0x00000000eaa80000, 0x00000000f8300000, 0x0000000100000000)
  eden space 199680K, 0% used [0x00000000eaa80000,0x00000000eaa80000,0x00000000f6d80000)
  from space 10240K, 95% used [0x00000000f7800000,0x00000000f8182f48,0x00000000f8200000)
  to   space 10752K, 0% used [0x00000000f6d80000,0x00000000f6d80000,0x00000000f7800000)
 ParOldGen       total 41984K, used 33302K [0x00000000c0000000, 0x00000000c2900000, 0x00000000eaa80000)
  object space 41984K, 79% used [0x00000000c0000000,0x00000000c2085988,0x00000000c2900000)
 PSPermGen       total 21504K, used 7155K [0x00000000bae00000, 0x00000000bc300000, 0x00000000c0000000)
  object space 21504K, 33% used [0x00000000bae00000,0x00000000bb4fce48,0x00000000bc300000)
}
Event: 9.031 GC heap before
{Heap before GC invocations=11 (full 0):
 PSYoungGen      total 209920K, used 209419K [0x00000000eaa80000, 0x00000000f8300000, 0x0000000100000000)
  eden space 199680K, 100% used [0x00000000eaa80000,0x00000000f6d80000,0x00000000f6d80000)
  from space 10240K, 95% used [0x00000000f7800000,0x00000000f8182f48,0x00000000f8200000)
  to   space 10752K, 0% used [0x00000000f6d80000,0x00000000f6d80000,0x00000000f7800000)
 ParOldGen       total 41984K, used 33302K [0x00000000c0000000, 0x00000000c2900000, 0x00000000eaa80000)
  object space 41984K, 79% used [0x00000000c0000000,0x00000000c2085988,0x00000000c2900000)
 PSPermGen       total 21504K, used 7162K [0x00000000bae00000, 0x00000000bc300000, 0x00000000c0000000)
  object space 21504K, 33% used [0x00000000bae00000,0x00000000bb4fea88,0x00000000bc300000)

