# JRE version: OpenJDK Runtime Environment (7.0_65-b32) (build 1.7.0_65-b32)
# Java VM: OpenJDK 64-Bit Server VM (24.65-b04 mixed mode linux-amd64 compressed oops)
Heap
 PSYoungGen      total 210944K, used 7683K [0x00000000eaa80000, 0x00000000f8180000, 0x0000000100000000)
  eden space 201728K, 0% used [0x00000000eaa80000,0x00000000eaa80000,0x00000000f6f80000)
  from space 9216K, 83% used [0x00000000f6f80000,0x00000000f7700da8,0x00000000f7880000)
  to   space 9216K, 0% used [0x00000000f7880000,0x00000000f7880000,0x00000000f8180000)
 ParOldGen       total 41984K, used 40444K [0x00000000c0000000, 0x00000000c2900000, 0x00000000eaa80000)
  object space 41984K, 96% used [0x00000000c0000000,0x00000000c277f340,0x00000000c2900000)
 PSPermGen       total 21504K, used 7629K [0x00000000b5a00000, 0x00000000b6f00000, 0x00000000c0000000)
  object space 21504K, 35% used [0x00000000b5a00000,0x00000000b6173570,0x00000000b6f00000)
GC Heap History (10 events):
Event: 4.907 GC heap after
Heap after GC invocations=6 (full 0):
 PSYoungGen      total 72192K, used 6668K [0x00000000eaa80000, 0x00000000ef980000, 0x0000000100000000)
  eden space 63488K, 0% used [0x00000000eaa80000,0x00000000eaa80000,0x00000000ee880000)
  from space 8704K, 76% used [0x00000000ef100000,0x00000000ef783198,0x00000000ef980000)
  to   space 8704K, 0% used [0x00000000ee880000,0x00000000ee880000,0x00000000ef100000)
 ParOldGen       total 41984K, used 18402K [0x00000000c0000000, 0x00000000c2900000, 0x00000000eaa80000)
  object space 41984K, 43% used [0x00000000c0000000,0x00000000c11f8b18,0x00000000c2900000)
 PSPermGen       total 21504K, used 6804K [0x00000000b5a00000, 0x00000000b6f00000, 0x00000000c0000000)
  object space 21504K, 31% used [0x00000000b5a00000,0x00000000b60a5070,0x00000000b6f00000)
}
Event: 6.906 GC heap before
{Heap before GC invocations=7 (full 0):
 PSYoungGen      total 72192K, used 70156K [0x00000000eaa80000, 0x00000000ef980000, 0x0000000100000000)
  eden space 63488K, 100% used [0x00000000eaa80000,0x00000000ee880000,0x00000000ee880000)
  from space 8704K, 76% used [0x00000000ef100000,0x00000000ef783198,0x00000000ef980000)
  to   space 8704K, 0% used [0x00000000ee880000,0x00000000ee880000,0x00000000ef100000)
 ParOldGen       total 41984K, used 18402K [0x00000000c0000000, 0x00000000c2900000, 0x00000000eaa80000)
  object space 41984K, 43% used [0x00000000c0000000,0x00000000c11f8b18,0x00000000c2900000)
 PSPermGen       total 21504K, used 7497K [0x00000000b5a00000, 0x00000000b6f00000, 0x00000000c0000000)
  object space 21504K, 34% used [0x00000000b5a00000,0x00000000b61525a8,0x00000000b6f00000)
Event: 6.918 GC heap after
Heap after GC invocations=7 (full 0):
 PSYoungGen      total 72192K, used 7400K [0x00000000eaa80000, 0x00000000f3780000, 0x0000000100000000)
  eden space 63488K, 0% used [0x00000000eaa80000,0x00000000eaa80000,0x00000000ee880000)
  from space 8704K, 85% used [0x00000000ee880000,0x00000000eefba268,0x00000000ef100000)
  to   space 8704K, 0% used [0x00000000f2f00000,0x00000000f2f00000,0x00000000f3780000)
 ParOldGen       total 41984K, used 19266K [0x00000000c0000000, 0x00000000c2900000, 0x00000000eaa80000)
  object space 41984K, 45% used [0x00000000c0000000,0x00000000c12d09c8,0x00000000c2900000)
 PSPermGen       total 21504K, used 7497K [0x00000000b5a00000, 0x00000000b6f00000, 0x00000000c0000000)
  object space 21504K, 34% used [0x00000000b5a00000,0x00000000b61525a8,0x00000000b6f00000)
}
Event: 7.153 GC heap before
{Heap before GC invocations=8 (full 0):
 PSYoungGen      total 72192K, used 70888K [0x00000000eaa80000, 0x00000000f3780000, 0x0000000100000000)
  eden space 63488K, 100% used [0x00000000eaa80000,0x00000000ee880000,0x00000000ee880000)
  from space 8704K, 85% used [0x00000000ee880000,0x00000000eefba268,0x00000000ef100000)
  to   space 8704K, 0% used [0x00000000f2f00000,0x00000000f2f00000,0x00000000f3780000)
 ParOldGen       total 41984K, used 19266K [0x00000000c0000000, 0x00000000c2900000, 0x00000000eaa80000)
  object space 41984K, 45% used [0x00000000c0000000,0x00000000c12d09c8,0x00000000c2900000)
 PSPermGen       total 21504K, used 7519K [0x00000000b5a00000, 0x00000000b6f00000, 0x00000000c0000000)
  object space 21504K, 34% used [0x00000000b5a00000,0x00000000b6157cd0,0x00000000b6f00000)
Event: 7.164 GC heap after
Heap after GC invocations=8 (full 0):
 PSYoungGen      total 134656K, used 8314K [0x00000000eaa80000, 0x00000000f3980000, 0x0000000100000000)
  eden space 125952K, 0% used [0x00000000eaa80000,0x00000000eaa80000,0x00000000f2580000)
  from space 8704K, 95% used [0x00000000f2f00000,0x00000000f371e908,0x00000000f3780000)
  to   space 9728K, 0% used [0x00000000f2580000,0x00000000f2580000,0x00000000f2f00000)
 ParOldGen       total 41984K, used 25486K [0x00000000c0000000, 0x00000000c2900000, 0x00000000eaa80000)
  object space 41984K, 60% used [0x00000000c0000000,0x00000000c18e3a18,0x00000000c2900000)
 PSPermGen       total 21504K, used 7519K [0x00000000b5a00000, 0x00000000b6f00000, 0x00000000c0000000)
  object space 21504K, 34% used [0x00000000b5a00000,0x00000000b6157cd0,0x00000000b6f00000)
}
Event: 7.560 GC heap before
{Heap before GC invocations=9 (full 0):
 PSYoungGen      total 134656K, used 134266K [0x00000000eaa80000, 0x00000000f3980000, 0x0000000100000000)
  eden space 125952K, 100% used [0x00000000eaa80000,0x00000000f2580000,0x00000000f2580000)
  from space 8704K, 95% used [0x00000000f2f00000,0x00000000f371e908,0x00000000f3780000)
  to   space 9728K, 0% used [0x00000000f2580000,0x00000000f2580000,0x00000000f2f00000)
 ParOldGen       total 41984K, used 25486K [0x00000000c0000000, 0x00000000c2900000, 0x00000000eaa80000)
  object space 41984K, 60% used [0x00000000c0000000,0x00000000c18e3a18,0x00000000c2900000)
 PSPermGen       total 21504K, used 7618K [0x00000000b5a00000, 0x00000000b6f00000, 0x00000000c0000000)
  object space 21504K, 35% used [0x00000000b5a00000,0x00000000b6170bb0,0x00000000b6f00000)
Event: 7.570 GC heap after
Heap after GC invocations=9 (full 0):
 PSYoungGen      total 135680K, used 6245K [0x00000000eaa80000, 0x00000000f8180000, 0x0000000100000000)
  eden space 125952K, 0% used [0x00000000eaa80000,0x00000000eaa80000,0x00000000f2580000)
  from space 9728K, 64% used [0x00000000f2580000,0x00000000f2b99440,0x00000000f2f00000)
  to   space 9216K, 0% used [0x00000000f7880000,0x00000000f7880000,0x00000000f8180000)
 ParOldGen       total 41984K, used 29945K [0x00000000c0000000, 0x00000000c2900000, 0x00000000eaa80000)
  object space 41984K, 71% used [0x00000000c0000000,0x00000000c1d3e768,0x00000000c2900000)
 PSPermGen       total 21504K, used 7618K [0x00000000b5a00000, 0x00000000b6f00000, 0x00000000c0000000)
  object space 21504K, 35% used [0x00000000b5a00000,0x00000000b6170bb0,0x00000000b6f00000)
}
Event: 7.797 GC heap before
{Heap before GC invocations=10 (full 0):
 PSYoungGen      total 135680K, used 131926K [0x00000000eaa80000, 0x00000000f8180000, 0x0000000100000000)
  eden space 125952K, 99% used [0x00000000eaa80000,0x00000000f253c508,0x00000000f2580000)
  from space 9728K, 64% used [0x00000000f2580000,0x00000000f2b99440,0x00000000f2f00000)
  to   space 9216K, 0% used [0x00000000f7880000,0x00000000f7880000,0x00000000f8180000)
 ParOldGen       total 41984K, used 29945K [0x00000000c0000000, 0x00000000c2900000, 0x00000000eaa80000)
  object space 41984K, 71% used [0x00000000c0000000,0x00000000c1d3e768,0x00000000c2900000)
 PSPermGen       total 21504K, used 7621K [0x00000000b5a00000, 0x00000000b6f00000, 0x00000000c0000000)
  object space 21504K, 35% used [0x00000000b5a00000,0x00000000b61717e0,0x00000000b6f00000)
Event: 7.800 GC heap after
Heap after GC invocations=10 (full 0):
 PSYoungGen      total 210944K, used 5329K [0x00000000eaa80000, 0x00000000f8180000, 0x0000000100000000)
  eden space 201728K, 0% used [0x00000000eaa80000,0x00000000eaa80000,0x00000000f6f80000)
  from space 9216K, 57% used [0x00000000f7880000,0x00000000f7db4730,0x00000000f8180000)
  to   space 9216K, 0% used [0x00000000f6f80000,0x00000000f6f80000,0x00000000f7880000)
 ParOldGen       total 41984K, used 30089K [0x00000000c0000000, 0x00000000c2900000, 0x00000000eaa80000)
  object space 41984K, 71% used [0x00000000c0000000,0x00000000c1d62768,0x00000000c2900000)
 PSPermGen       total 21504K, used 7621K [0x00000000b5a00000, 0x00000000b6f00000, 0x00000000c0000000)
  object space 21504K, 35% used [0x00000000b5a00000,0x00000000b61717e0,0x00000000b6f00000)
}
Event: 8.145 GC heap before
{Heap before GC invocations=11 (full 0):
 PSYoungGen      total 210944K, used 207057K [0x00000000eaa80000, 0x00000000f8180000, 0x0000000100000000)
  eden space 201728K, 100% used [0x00000000eaa80000,0x00000000f6f80000,0x00000000f6f80000)
  from space 9216K, 57% used [0x00000000f7880000,0x00000000f7db4730,0x00000000f8180000)
  to   space 9216K, 0% used [0x00000000f6f80000,0x00000000f6f80000,0x00000000f7880000)
 ParOldGen       total 41984K, used 30089K [0x00000000c0000000, 0x00000000c2900000, 0x00000000eaa80000)
  object space 41984K, 71% used [0x00000000c0000000,0x00000000c1d62768,0x00000000c2900000)
 PSPermGen       total 21504K, used 7629K [0x00000000b5a00000, 0x00000000b6f00000, 0x00000000c0000000)
  object space 21504K, 35% used [0x00000000b5a00000,0x00000000b6173570,0x00000000b6f00000)

