# JRE version: OpenJDK Runtime Environment (7.0_65-b32) (build 1.7.0_65-b32)
# Java VM: OpenJDK 64-Bit Server VM (24.65-b04 mixed mode linux-amd64 compressed oops)
Heap
 PSYoungGen      total 211968K, used 8007K [0x00000000eaa80000, 0x00000000f8380000, 0x0000000100000000)
  eden space 202240K, 0% used [0x00000000eaa80000,0x00000000eaa80000,0x00000000f7000000)
  from space 9728K, 82% used [0x00000000f7000000,0x00000000f77d1cd8,0x00000000f7980000)
  to   space 9216K, 0% used [0x00000000f7980000,0x00000000f7980000,0x00000000f8280000)
 ParOldGen       total 49152K, used 28103K [0x00000000c0000000, 0x00000000c3000000, 0x00000000eaa80000)
  object space 49152K, 57% used [0x00000000c0000000,0x00000000c1b71ee8,0x00000000c3000000)
 PSPermGen       total 21504K, used 7621K [0x00000000b5a00000, 0x00000000b6f00000, 0x00000000c0000000)
  object space 21504K, 35% used [0x00000000b5a00000,0x00000000b61715a0,0x00000000b6f00000)
GC Heap History (10 events):
Event: 7.358 GC heap after
Heap after GC invocations=7 (full 0):
 PSYoungGen      total 72192K, used 8548K [0x00000000eaa80000, 0x00000000f3880000, 0x0000000100000000)
  eden space 63488K, 0% used [0x00000000eaa80000,0x00000000eaa80000,0x00000000ee880000)
  from space 8704K, 98% used [0x00000000ee880000,0x00000000ef0d9310,0x00000000ef100000)
  to   space 9216K, 0% used [0x00000000f2f80000,0x00000000f2f80000,0x00000000f3880000)
 ParOldGen       total 41984K, used 19055K [0x00000000c0000000, 0x00000000c2900000, 0x00000000eaa80000)
  object space 41984K, 45% used [0x00000000c0000000,0x00000000c129bd40,0x00000000c2900000)
 PSPermGen       total 21504K, used 7498K [0x00000000b5a00000, 0x00000000b6f00000, 0x00000000c0000000)
  object space 21504K, 34% used [0x00000000b5a00000,0x00000000b6152be0,0x00000000b6f00000)
}
Event: 7.590 GC heap before
{Heap before GC invocations=8 (full 0):
 PSYoungGen      total 72192K, used 72036K [0x00000000eaa80000, 0x00000000f3880000, 0x0000000100000000)
  eden space 63488K, 100% used [0x00000000eaa80000,0x00000000ee880000,0x00000000ee880000)
  from space 8704K, 98% used [0x00000000ee880000,0x00000000ef0d9310,0x00000000ef100000)
  to   space 9216K, 0% used [0x00000000f2f80000,0x00000000f2f80000,0x00000000f3880000)
 ParOldGen       total 41984K, used 19055K [0x00000000c0000000, 0x00000000c2900000, 0x00000000eaa80000)
  object space 41984K, 45% used [0x00000000c0000000,0x00000000c129bd40,0x00000000c2900000)
 PSPermGen       total 21504K, used 7511K [0x00000000b5a00000, 0x00000000b6f00000, 0x00000000c0000000)
  object space 21504K, 34% used [0x00000000b5a00000,0x00000000b6155fe0,0x00000000b6f00000)
Event: 7.617 GC heap after
Heap after GC invocations=8 (full 0):
 PSYoungGen      total 135680K, used 7711K [0x00000000eaa80000, 0x00000000f3980000, 0x0000000100000000)
  eden space 126464K, 0% used [0x00000000eaa80000,0x00000000eaa80000,0x00000000f2600000)
  from space 9216K, 83% used [0x00000000f2f80000,0x00000000f3707de8,0x00000000f3880000)
  to   space 9728K, 0% used [0x00000000f2600000,0x00000000f2600000,0x00000000f2f80000)
 ParOldGen       total 41984K, used 24919K [0x00000000c0000000, 0x00000000c2900000, 0x00000000eaa80000)
  object space 41984K, 59% used [0x00000000c0000000,0x00000000c1855d50,0x00000000c2900000)
 PSPermGen       total 21504K, used 7511K [0x00000000b5a00000, 0x00000000b6f00000, 0x00000000c0000000)
  object space 21504K, 34% used [0x00000000b5a00000,0x00000000b6155fe0,0x00000000b6f00000)
}
Event: 7.974 GC heap before
{Heap before GC invocations=9 (full 0):
 PSYoungGen      total 135680K, used 134175K [0x00000000eaa80000, 0x00000000f3980000, 0x0000000100000000)
  eden space 126464K, 100% used [0x00000000eaa80000,0x00000000f2600000,0x00000000f2600000)
  from space 9216K, 83% used [0x00000000f2f80000,0x00000000f3707de8,0x00000000f3880000)
  to   space 9728K, 0% used [0x00000000f2600000,0x00000000f2600000,0x00000000f2f80000)
 ParOldGen       total 41984K, used 24919K [0x00000000c0000000, 0x00000000c2900000, 0x00000000eaa80000)
  object space 41984K, 59% used [0x00000000c0000000,0x00000000c1855d50,0x00000000c2900000)
 PSPermGen       total 21504K, used 7614K [0x00000000b5a00000, 0x00000000b6f00000, 0x00000000c0000000)
  object space 21504K, 35% used [0x00000000b5a00000,0x00000000b616f838,0x00000000b6f00000)
Event: 7.981 GC heap after
Heap after GC invocations=9 (full 0):
 PSYoungGen      total 136192K, used 6105K [0x00000000eaa80000, 0x00000000f8280000, 0x0000000100000000)
  eden space 126464K, 0% used [0x00000000eaa80000,0x00000000eaa80000,0x00000000f2600000)
  from space 9728K, 62% used [0x00000000f2600000,0x00000000f2bf6480,0x00000000f2f80000)
  to   space 9216K, 0% used [0x00000000f7980000,0x00000000f7980000,0x00000000f8280000)
 ParOldGen       total 41984K, used 28816K [0x00000000c0000000, 0x00000000c2900000, 0x00000000eaa80000)
  object space 41984K, 68% used [0x00000000c0000000,0x00000000c1c243c0,0x00000000c2900000)
 PSPermGen       total 21504K, used 7614K [0x00000000b5a00000, 0x00000000b6f00000, 0x00000000c0000000)
  object space 21504K, 35% used [0x00000000b5a00000,0x00000000b616f838,0x00000000b6f00000)
}
Event: 8.223 GC heap before
{Heap before GC invocations=10 (full 0):
 PSYoungGen      total 136192K, used 132569K [0x00000000eaa80000, 0x00000000f8280000, 0x0000000100000000)
  eden space 126464K, 100% used [0x00000000eaa80000,0x00000000f2600000,0x00000000f2600000)
  from space 9728K, 62% used [0x00000000f2600000,0x00000000f2bf6480,0x00000000f2f80000)
  to   space 9216K, 0% used [0x00000000f7980000,0x00000000f7980000,0x00000000f8280000)
 ParOldGen       total 41984K, used 28816K [0x00000000c0000000, 0x00000000c2900000, 0x00000000eaa80000)
  object space 41984K, 68% used [0x00000000c0000000,0x00000000c1c243c0,0x00000000c2900000)
 PSPermGen       total 21504K, used 7616K [0x00000000b5a00000, 0x00000000b6f00000, 0x00000000c0000000)
  object space 21504K, 35% used [0x00000000b5a00000,0x00000000b6170170,0x00000000b6f00000)
Event: 9.017 GC heap after
Heap after GC invocations=10 (full 0):
 PSYoungGen      total 211456K, used 7996K [0x00000000eaa80000, 0x00000000f8380000, 0x0000000100000000)
  eden space 202240K, 0% used [0x00000000eaa80000,0x00000000eaa80000,0x00000000f7000000)
  from space 9216K, 86% used [0x00000000f7980000,0x00000000f814f2e8,0x00000000f8280000)
  to   space 9728K, 0% used [0x00000000f7000000,0x00000000f7000000,0x00000000f7980000)
 ParOldGen       total 41984K, used 36057K [0x00000000c0000000, 0x00000000c2900000, 0x00000000eaa80000)
  object space 41984K, 85% used [0x00000000c0000000,0x00000000c23367a0,0x00000000c2900000)
 PSPermGen       total 21504K, used 7616K [0x00000000b5a00000, 0x00000000b6f00000, 0x00000000c0000000)
  object space 21504K, 35% used [0x00000000b5a00000,0x00000000b6170170,0x00000000b6f00000)
}
Event: 9.313 GC heap before
{Heap before GC invocations=11 (full 1):
 PSYoungGen      total 211456K, used 7996K [0x00000000eaa80000, 0x00000000f8380000, 0x0000000100000000)
  eden space 202240K, 0% used [0x00000000eaa80000,0x00000000eaa80000,0x00000000f7000000)
  from space 9216K, 86% used [0x00000000f7980000,0x00000000f814f2e8,0x00000000f8280000)
  to   space 9728K, 0% used [0x00000000f7000000,0x00000000f7000000,0x00000000f7980000)
 ParOldGen       total 41984K, used 36057K [0x00000000c0000000, 0x00000000c2900000, 0x00000000eaa80000)
  object space 41984K, 85% used [0x00000000c0000000,0x00000000c23367a0,0x00000000c2900000)
 PSPermGen       total 21504K, used 7616K [0x00000000b5a00000, 0x00000000b6f00000, 0x00000000c0000000)
  object space 21504K, 35% used [0x00000000b5a00000,0x00000000b6170170,0x00000000b6f00000)
Event: 10.293 GC heap after
Heap after GC invocations=11 (full 1):
 PSYoungGen      total 211456K, used 0K [0x00000000eaa80000, 0x00000000f8380000, 0x0000000100000000)
  eden space 202240K, 0% used [0x00000000eaa80000,0x00000000eaa80000,0x00000000f7000000)
  from space 9216K, 0% used [0x00000000f7980000,0x00000000f7980000,0x00000000f8280000)
  to   space 9728K, 0% used [0x00000000f7000000,0x00000000f7000000,0x00000000f7980000)
 ParOldGen       total 49152K, used 20293K [0x00000000c0000000, 0x00000000c3000000, 0x00000000eaa80000)
  object space 49152K, 41% used [0x00000000c0000000,0x00000000c13d15c8,0x00000000c3000000)
 PSPermGen       total 21504K, used 7613K [0x00000000b5a00000, 0x00000000b6f00000, 0x00000000c0000000)
  object space 21504K, 35% used [0x00000000b5a00000,0x00000000b616f518,0x00000000b6f00000)
}
Event: 10.802 GC heap before
{Heap before GC invocations=12 (full 1):
 PSYoungGen      total 211456K, used 202240K [0x00000000eaa80000, 0x00000000f8380000, 0x0000000100000000)
  eden space 202240K, 100% used [0x00000000eaa80000,0x00000000f7000000,0x00000000f7000000)
  from space 9216K, 0% used [0x00000000f7980000,0x00000000f7980000,0x00000000f8280000)
  to   space 9728K, 0% used [0x00000000f7000000,0x00000000f7000000,0x00000000f7980000)
 ParOldGen       total 49152K, used 20293K [0x00000000c0000000, 0x00000000c3000000, 0x00000000eaa80000)
  object space 49152K, 41% used [0x00000000c0000000,0x00000000c13d15c8,0x00000000c3000000)
 PSPermGen       total 21504K, used 7621K [0x00000000b5a00000, 0x00000000b6f00000, 0x00000000c0000000)
  object space 21504K, 35% used [0x00000000b5a00000,0x00000000b61715a0,0x00000000b6f00000)

