# JRE version: Java(TM) SE Runtime Environment (7.0_55-b13) (build 1.7.0_55-b13)
# Java VM: Java HotSpot(TM) 64-Bit Server VM (24.55-b03 mixed mode linux-amd64 compressed oops)
Heap
 PSYoungGen      total 210944K, used 11212K [0x00000000eaa80000, 0x00000000f8780000, 0x0000000100000000)
  eden space 198144K, 0% used [0x00000000eaa80000,0x00000000eaa80000,0x00000000f6c00000)
  from space 12800K, 87% used [0x00000000f6c00000,0x00000000f76f3178,0x00000000f7880000)
  to   space 10240K, 0% used [0x00000000f7880000,0x00000000f7880000,0x00000000f8280000)
 ParOldGen       total 41984K, used 39867K [0x00000000c0000000, 0x00000000c2900000, 0x00000000eaa80000)
  object space 41984K, 94% used [0x00000000c0000000,0x00000000c26eedd8,0x00000000c2900000)
 PSPermGen       total 21504K, used 7162K [0x00000000bae00000, 0x00000000bc300000, 0x00000000c0000000)
  object space 21504K, 33% used [0x00000000bae00000,0x00000000bb4fead0,0x00000000bc300000)
GC Heap History (10 events):
Event: 6.722 GC heap after
Heap after GC invocations=6 (full 0):
 PSYoungGen      total 72704K, used 7892K [0x00000000eaa80000, 0x00000000efc80000, 0x0000000100000000)
  eden space 62976K, 0% used [0x00000000eaa80000,0x00000000eaa80000,0x00000000ee800000)
  from space 9728K, 81% used [0x00000000ef200000,0x00000000ef9b5290,0x00000000efb80000)
  to   space 10240K, 0% used [0x00000000ee800000,0x00000000ee800000,0x00000000ef200000)
 ParOldGen       total 41984K, used 20256K [0x00000000c0000000, 0x00000000c2900000, 0x00000000eaa80000)
  object space 41984K, 48% used [0x00000000c0000000,0x00000000c13c8120,0x00000000c2900000)
 PSPermGen       total 21504K, used 6995K [0x00000000bae00000, 0x00000000bc300000, 0x00000000c0000000)
  object space 21504K, 32% used [0x00000000bae00000,0x00000000bb4d4cf8,0x00000000bc300000)
}
Event: 7.144 GC heap before
{Heap before GC invocations=7 (full 0):
 PSYoungGen      total 72704K, used 69904K [0x00000000eaa80000, 0x00000000efc80000, 0x0000000100000000)
  eden space 62976K, 98% used [0x00000000eaa80000,0x00000000ee70f090,0x00000000ee800000)
  from space 9728K, 81% used [0x00000000ef200000,0x00000000ef9b5290,0x00000000efb80000)
  to   space 10240K, 0% used [0x00000000ee800000,0x00000000ee800000,0x00000000ef200000)
 ParOldGen       total 41984K, used 20256K [0x00000000c0000000, 0x00000000c2900000, 0x00000000eaa80000)
  object space 41984K, 48% used [0x00000000c0000000,0x00000000c13c8120,0x00000000c2900000)
 PSPermGen       total 21504K, used 7045K [0x00000000bae00000, 0x00000000bc300000, 0x00000000c0000000)
  object space 21504K, 32% used [0x00000000bae00000,0x00000000bb4e16e0,0x00000000bc300000)
Event: 7.155 GC heap after
Heap after GC invocations=7 (full 0):
 PSYoungGen      total 73216K, used 5274K [0x00000000eaa80000, 0x00000000f3980000, 0x0000000100000000)
  eden space 62976K, 0% used [0x00000000eaa80000,0x00000000eaa80000,0x00000000ee800000)
  from space 10240K, 51% used [0x00000000ee800000,0x00000000eed26938,0x00000000ef200000)
  to   space 10240K, 0% used [0x00000000f2f80000,0x00000000f2f80000,0x00000000f3980000)
 ParOldGen       total 41984K, used 21540K [0x00000000c0000000, 0x00000000c2900000, 0x00000000eaa80000)
  object space 41984K, 51% used [0x00000000c0000000,0x00000000c1509118,0x00000000c2900000)
 PSPermGen       total 21504K, used 7045K [0x00000000bae00000, 0x00000000bc300000, 0x00000000c0000000)
  object space 21504K, 32% used [0x00000000bae00000,0x00000000bb4e16e0,0x00000000bc300000)
}
Event: 7.365 GC heap before
{Heap before GC invocations=8 (full 0):
 PSYoungGen      total 73216K, used 68250K [0x00000000eaa80000, 0x00000000f3980000, 0x0000000100000000)
  eden space 62976K, 100% used [0x00000000eaa80000,0x00000000ee800000,0x00000000ee800000)
  from space 10240K, 51% used [0x00000000ee800000,0x00000000eed26938,0x00000000ef200000)
  to   space 10240K, 0% used [0x00000000f2f80000,0x00000000f2f80000,0x00000000f3980000)
 ParOldGen       total 41984K, used 21540K [0x00000000c0000000, 0x00000000c2900000, 0x00000000eaa80000)
  object space 41984K, 51% used [0x00000000c0000000,0x00000000c1509118,0x00000000c2900000)
 PSPermGen       total 21504K, used 7058K [0x00000000bae00000, 0x00000000bc300000, 0x00000000c0000000)
  object space 21504K, 32% used [0x00000000bae00000,0x00000000bb4e4a28,0x00000000bc300000)
Event: 7.387 GC heap after
Heap after GC invocations=8 (full 0):
 PSYoungGen      total 135680K, used 8485K [0x00000000eaa80000, 0x00000000f3a80000, 0x0000000100000000)
  eden space 125440K, 0% used [0x00000000eaa80000,0x00000000eaa80000,0x00000000f2500000)
  from space 10240K, 82% used [0x00000000f2f80000,0x00000000f37c9480,0x00000000f3980000)
  to   space 10752K, 0% used [0x00000000f2500000,0x00000000f2500000,0x00000000f2f80000)
 ParOldGen       total 41984K, used 21868K [0x00000000c0000000, 0x00000000c2900000, 0x00000000eaa80000)
  object space 41984K, 52% used [0x00000000c0000000,0x00000000c155b118,0x00000000c2900000)
 PSPermGen       total 21504K, used 7058K [0x00000000bae00000, 0x00000000bc300000, 0x00000000c0000000)
  object space 21504K, 32% used [0x00000000bae00000,0x00000000bb4e4a28,0x00000000bc300000)
}
Event: 7.745 GC heap before
{Heap before GC invocations=9 (full 0):
 PSYoungGen      total 135680K, used 133925K [0x00000000eaa80000, 0x00000000f3a80000, 0x0000000100000000)
  eden space 125440K, 100% used [0x00000000eaa80000,0x00000000f2500000,0x00000000f2500000)
  from space 10240K, 82% used [0x00000000f2f80000,0x00000000f37c9480,0x00000000f3980000)
  to   space 10752K, 0% used [0x00000000f2500000,0x00000000f2500000,0x00000000f2f80000)
 ParOldGen       total 41984K, used 21868K [0x00000000c0000000, 0x00000000c2900000, 0x00000000eaa80000)
  object space 41984K, 52% used [0x00000000c0000000,0x00000000c155b118,0x00000000c2900000)
 PSPermGen       total 21504K, used 7152K [0x00000000bae00000, 0x00000000bc300000, 0x00000000c0000000)
  object space 21504K, 33% used [0x00000000bae00000,0x00000000bb4fc298,0x00000000bc300000)
Event: 8.053 GC heap after
Heap after GC invocations=9 (full 0):
 PSYoungGen      total 136192K, used 5597K [0x00000000eaa80000, 0x00000000f8280000, 0x0000000100000000)
  eden space 125440K, 0% used [0x00000000eaa80000,0x00000000eaa80000,0x00000000f2500000)
  from space 10752K, 52% used [0x00000000f2500000,0x00000000f2a77608,0x00000000f2f80000)
  to   space 10240K, 0% used [0x00000000f7880000,0x00000000f7880000,0x00000000f8280000)
 ParOldGen       total 41984K, used 25444K [0x00000000c0000000, 0x00000000c2900000, 0x00000000eaa80000)
  object space 41984K, 60% used [0x00000000c0000000,0x00000000c18d90d8,0x00000000c2900000)
 PSPermGen       total 21504K, used 7152K [0x00000000bae00000, 0x00000000bc300000, 0x00000000c0000000)
  object space 21504K, 33% used [0x00000000bae00000,0x00000000bb4fc298,0x00000000bc300000)
}
Event: 8.292 GC heap before
{Heap before GC invocations=10 (full 0):
 PSYoungGen      total 136192K, used 131037K [0x00000000eaa80000, 0x00000000f8280000, 0x0000000100000000)
  eden space 125440K, 100% used [0x00000000eaa80000,0x00000000f2500000,0x00000000f2500000)
  from space 10752K, 52% used [0x00000000f2500000,0x00000000f2a77608,0x00000000f2f80000)
  to   space 10240K, 0% used [0x00000000f7880000,0x00000000f7880000,0x00000000f8280000)
 ParOldGen       total 41984K, used 25444K [0x00000000c0000000, 0x00000000c2900000, 0x00000000eaa80000)
  object space 41984K, 60% used [0x00000000c0000000,0x00000000c18d90d8,0x00000000c2900000)
 PSPermGen       total 21504K, used 7156K [0x00000000bae00000, 0x00000000bc300000, 0x00000000c0000000)
  object space 21504K, 33% used [0x00000000bae00000,0x00000000bb4fd0b8,0x00000000bc300000)
Event: 8.592 GC heap after
Heap after GC invocations=10 (full 0):
 PSYoungGen      total 208384K, used 10226K [0x00000000eaa80000, 0x00000000f8780000, 0x0000000100000000)
  eden space 198144K, 0% used [0x00000000eaa80000,0x00000000eaa80000,0x00000000f6c00000)
  from space 10240K, 99% used [0x00000000f7880000,0x00000000f827cbf8,0x00000000f8280000)
  to   space 12800K, 0% used [0x00000000f6c00000,0x00000000f6c00000,0x00000000f7880000)
 ParOldGen       total 41984K, used 28899K [0x00000000c0000000, 0x00000000c2900000, 0x00000000eaa80000)
  object space 41984K, 68% used [0x00000000c0000000,0x00000000c1c38d88,0x00000000c2900000)
 PSPermGen       total 21504K, used 7156K [0x00000000bae00000, 0x00000000bc300000, 0x00000000c0000000)
  object space 21504K, 33% used [0x00000000bae00000,0x00000000bb4fd0b8,0x00000000bc300000)
}
Event: 9.343 GC heap before
{Heap before GC invocations=11 (full 0):
 PSYoungGen      total 208384K, used 206020K [0x00000000eaa80000, 0x00000000f8780000, 0x0000000100000000)
  eden space 198144K, 98% used [0x00000000eaa80000,0x00000000f69b47c8,0x00000000f6c00000)
  from space 10240K, 99% used [0x00000000f7880000,0x00000000f827cbf8,0x00000000f8280000)
  to   space 12800K, 0% used [0x00000000f6c00000,0x00000000f6c00000,0x00000000f7880000)
 ParOldGen       total 41984K, used 28899K [0x00000000c0000000, 0x00000000c2900000, 0x00000000eaa80000)
  object space 41984K, 68% used [0x00000000c0000000,0x00000000c1c38d88,0x00000000c2900000)
 PSPermGen       total 21504K, used 7162K [0x00000000bae00000, 0x00000000bc300000, 0x00000000c0000000)
  object space 21504K, 33% used [0x00000000bae00000,0x00000000bb4fead0,0x00000000bc300000)

