# JRE version: Java(TM) SE Runtime Environment (7.0_55-b13) (build 1.7.0_55-b13)
# Java VM: Java HotSpot(TM) 64-Bit Server VM (24.55-b03 mixed mode linux-amd64 compressed oops)
Heap
 PSYoungGen      total 213504K, used 12287K [0x00000000eaa80000, 0x00000000f8780000, 0x0000000100000000)
  eden space 201216K, 0% used [0x00000000eaa80000,0x00000000eaa80000,0x00000000f6f00000)
  from space 12288K, 99% used [0x00000000f6f00000,0x00000000f7affc28,0x00000000f7b00000)
  to   space 11776K, 0% used [0x00000000f7b00000,0x00000000f7b00000,0x00000000f8680000)
 ParOldGen       total 51200K, used 25841K [0x00000000c0000000, 0x00000000c3200000, 0x00000000eaa80000)
  object space 51200K, 50% used [0x00000000c0000000,0x00000000c193c660,0x00000000c3200000)
 PSPermGen       total 21504K, used 7157K [0x00000000bae00000, 0x00000000bc300000, 0x00000000c0000000)
  object space 21504K, 33% used [0x00000000bae00000,0x00000000bb4fd468,0x00000000bc300000)
GC Heap History (10 events):
Event: 7.330 GC heap after
Heap after GC invocations=7 (full 0):
 PSYoungGen      total 71168K, used 5252K [0x00000000eaa80000, 0x00000000f3580000, 0x0000000100000000)
  eden space 62976K, 0% used [0x00000000eaa80000,0x00000000eaa80000,0x00000000ee800000)
  from space 8192K, 64% used [0x00000000ee800000,0x00000000eed21028,0x00000000ef000000)
  to   space 8192K, 0% used [0x00000000f2d80000,0x00000000f2d80000,0x00000000f3580000)
 ParOldGen       total 41984K, used 17522K [0x00000000c0000000, 0x00000000c2900000, 0x00000000eaa80000)
  object space 41984K, 41% used [0x00000000c0000000,0x00000000c111c8a0,0x00000000c2900000)
 PSPermGen       total 21504K, used 7042K [0x00000000bae00000, 0x00000000bc300000, 0x00000000c0000000)
  object space 21504K, 32% used [0x00000000bae00000,0x00000000bb4e0bc8,0x00000000bc300000)
}
Event: 7.593 GC heap before
{Heap before GC invocations=8 (full 0):
 PSYoungGen      total 71168K, used 68228K [0x00000000eaa80000, 0x00000000f3580000, 0x0000000100000000)
  eden space 62976K, 100% used [0x00000000eaa80000,0x00000000ee800000,0x00000000ee800000)
  from space 8192K, 64% used [0x00000000ee800000,0x00000000eed21028,0x00000000ef000000)
  to   space 8192K, 0% used [0x00000000f2d80000,0x00000000f2d80000,0x00000000f3580000)
 ParOldGen       total 41984K, used 17522K [0x00000000c0000000, 0x00000000c2900000, 0x00000000eaa80000)
  object space 41984K, 41% used [0x00000000c0000000,0x00000000c111c8a0,0x00000000c2900000)
 PSPermGen       total 21504K, used 7055K [0x00000000bae00000, 0x00000000bc300000, 0x00000000c0000000)
  object space 21504K, 32% used [0x00000000bae00000,0x00000000bb4e3f10,0x00000000bc300000)
Event: 7.604 GC heap after
Heap after GC invocations=8 (full 0):
 PSYoungGen      total 134144K, used 6597K [0x00000000eaa80000, 0x00000000f3580000, 0x0000000100000000)
  eden space 125952K, 0% used [0x00000000eaa80000,0x00000000eaa80000,0x00000000f2580000)
  from space 8192K, 80% used [0x00000000f2d80000,0x00000000f33f1520,0x00000000f3580000)
  to   space 8192K, 0% used [0x00000000f2580000,0x00000000f2580000,0x00000000f2d80000)
 ParOldGen       total 41984K, used 17954K [0x00000000c0000000, 0x00000000c2900000, 0x00000000eaa80000)
  object space 41984K, 42% used [0x00000000c0000000,0x00000000c11888a0,0x00000000c2900000)
 PSPermGen       total 21504K, used 7055K [0x00000000bae00000, 0x00000000bc300000, 0x00000000c0000000)
  object space 21504K, 32% used [0x00000000bae00000,0x00000000bb4e3f10,0x00000000bc300000)
}
Event: 8.048 GC heap before
{Heap before GC invocations=9 (full 0):
 PSYoungGen      total 134144K, used 132549K [0x00000000eaa80000, 0x00000000f3580000, 0x0000000100000000)
  eden space 125952K, 100% used [0x00000000eaa80000,0x00000000f2580000,0x00000000f2580000)
  from space 8192K, 80% used [0x00000000f2d80000,0x00000000f33f1520,0x00000000f3580000)
  to   space 8192K, 0% used [0x00000000f2580000,0x00000000f2580000,0x00000000f2d80000)
 ParOldGen       total 41984K, used 17954K [0x00000000c0000000, 0x00000000c2900000, 0x00000000eaa80000)
  object space 41984K, 42% used [0x00000000c0000000,0x00000000c11888a0,0x00000000c2900000)
 PSPermGen       total 21504K, used 7149K [0x00000000bae00000, 0x00000000bc300000, 0x00000000c0000000)
  object space 21504K, 33% used [0x00000000bae00000,0x00000000bb4fb780,0x00000000bc300000)
Event: 8.067 GC heap after
Heap after GC invocations=9 (full 0):
 PSYoungGen      total 134144K, used 8166K [0x00000000eaa80000, 0x00000000f8680000, 0x0000000100000000)
  eden space 125952K, 0% used [0x00000000eaa80000,0x00000000eaa80000,0x00000000f2580000)
  from space 8192K, 99% used [0x00000000f2580000,0x00000000f2d79a78,0x00000000f2d80000)
  to   space 11776K, 0% used [0x00000000f7b00000,0x00000000f7b00000,0x00000000f8680000)
 ParOldGen       total 41984K, used 24822K [0x00000000c0000000, 0x00000000c2900000, 0x00000000eaa80000)
  object space 41984K, 59% used [0x00000000c0000000,0x00000000c183d9b8,0x00000000c2900000)
 PSPermGen       total 21504K, used 7149K [0x00000000bae00000, 0x00000000bc300000, 0x00000000c0000000)
  object space 21504K, 33% used [0x00000000bae00000,0x00000000bb4fb780,0x00000000bc300000)
}
Event: 8.309 GC heap before
{Heap before GC invocations=10 (full 0):
 PSYoungGen      total 134144K, used 134118K [0x00000000eaa80000, 0x00000000f8680000, 0x0000000100000000)
  eden space 125952K, 100% used [0x00000000eaa80000,0x00000000f2580000,0x00000000f2580000)
  from space 8192K, 99% used [0x00000000f2580000,0x00000000f2d79a78,0x00000000f2d80000)
  to   space 11776K, 0% used [0x00000000f7b00000,0x00000000f7b00000,0x00000000f8680000)
 ParOldGen       total 41984K, used 24822K [0x00000000c0000000, 0x00000000c2900000, 0x00000000eaa80000)
  object space 41984K, 59% used [0x00000000c0000000,0x00000000c183d9b8,0x00000000c2900000)
 PSPermGen       total 21504K, used 7153K [0x00000000bae00000, 0x00000000bc300000, 0x00000000c0000000)
  object space 21504K, 33% used [0x00000000bae00000,0x00000000bb4fc5a0,0x00000000bc300000)
Event: 8.333 GC heap after
Heap after GC invocations=10 (full 0):
 PSYoungGen      total 212992K, used 10377K [0x00000000eaa80000, 0x00000000f8780000, 0x0000000100000000)
  eden space 201216K, 0% used [0x00000000eaa80000,0x00000000eaa80000,0x00000000f6f00000)
  from space 11776K, 88% used [0x00000000f7b00000,0x00000000f85224a0,0x00000000f8680000)
  to   space 12288K, 0% used [0x00000000f6f00000,0x00000000f6f00000,0x00000000f7b00000)
 ParOldGen       total 41984K, used 41554K [0x00000000c0000000, 0x00000000c2900000, 0x00000000eaa80000)
  object space 41984K, 98% used [0x00000000c0000000,0x00000000c28948c8,0x00000000c2900000)
 PSPermGen       total 21504K, used 7153K [0x00000000bae00000, 0x00000000bc300000, 0x00000000c0000000)
  object space 21504K, 33% used [0x00000000bae00000,0x00000000bb4fc5a0,0x00000000bc300000)
}
Event: 8.333 GC heap before
{Heap before GC invocations=11 (full 1):
 PSYoungGen      total 212992K, used 10377K [0x00000000eaa80000, 0x00000000f8780000, 0x0000000100000000)
  eden space 201216K, 0% used [0x00000000eaa80000,0x00000000eaa80000,0x00000000f6f00000)
  from space 11776K, 88% used [0x00000000f7b00000,0x00000000f85224a0,0x00000000f8680000)
  to   space 12288K, 0% used [0x00000000f6f00000,0x00000000f6f00000,0x00000000f7b00000)
 ParOldGen       total 41984K, used 41554K [0x00000000c0000000, 0x00000000c2900000, 0x00000000eaa80000)
  object space 41984K, 98% used [0x00000000c0000000,0x00000000c28948c8,0x00000000c2900000)
 PSPermGen       total 21504K, used 7153K [0x00000000bae00000, 0x00000000bc300000, 0x00000000c0000000)
  object space 21504K, 33% used [0x00000000bae00000,0x00000000bb4fc5a0,0x00000000bc300000)
Event: 8.420 GC heap after
Heap after GC invocations=11 (full 1):
 PSYoungGen      total 212992K, used 0K [0x00000000eaa80000, 0x00000000f8780000, 0x0000000100000000)
  eden space 201216K, 0% used [0x00000000eaa80000,0x00000000eaa80000,0x00000000f6f00000)
  from space 11776K, 0% used [0x00000000f7b00000,0x00000000f7b00000,0x00000000f8680000)
  to   space 12288K, 0% used [0x00000000f6f00000,0x00000000f6f00000,0x00000000f7b00000)
 ParOldGen       total 51200K, used 21196K [0x00000000c0000000, 0x00000000c3200000, 0x00000000eaa80000)
  object space 51200K, 41% used [0x00000000c0000000,0x00000000c14b3030,0x00000000c3200000)
 PSPermGen       total 21504K, used 7150K [0x00000000bae00000, 0x00000000bc300000, 0x00000000c0000000)
  object space 21504K, 33% used [0x00000000bae00000,0x00000000bb4fb828,0x00000000bc300000)
}
Event: 8.819 GC heap before
{Heap before GC invocations=12 (full 1):
 PSYoungGen      total 212992K, used 201216K [0x00000000eaa80000, 0x00000000f8780000, 0x0000000100000000)
  eden space 201216K, 100% used [0x00000000eaa80000,0x00000000f6f00000,0x00000000f6f00000)
  from space 11776K, 0% used [0x00000000f7b00000,0x00000000f7b00000,0x00000000f8680000)
  to   space 12288K, 0% used [0x00000000f6f00000,0x00000000f6f00000,0x00000000f7b00000)
 ParOldGen       total 51200K, used 21196K [0x00000000c0000000, 0x00000000c3200000, 0x00000000eaa80000)
  object space 51200K, 41% used [0x00000000c0000000,0x00000000c14b3030,0x00000000c3200000)
 PSPermGen       total 21504K, used 7157K [0x00000000bae00000, 0x00000000bc300000, 0x00000000c0000000)
  object space 21504K, 33% used [0x00000000bae00000,0x00000000bb4fd468,0x00000000bc300000)

