# JRE version: OpenJDK Runtime Environment (7.0_65-b32) (build 1.7.0_65-b32)
# Java VM: OpenJDK 64-Bit Server VM (24.65-b04 mixed mode linux-amd64 compressed oops)
Heap
 PSYoungGen      total 211968K, used 11669K [0x00000000eaa80000, 0x00000000f8780000, 0x0000000100000000)
  eden space 197632K, 0% used [0x00000000eaa80000,0x00000000eaa80000,0x00000000f6b80000)
  from space 14336K, 81% used [0x00000000f6b80000,0x00000000f76e5728,0x00000000f7980000)
  to   space 14336K, 0% used [0x00000000f7980000,0x00000000f7980000,0x00000000f8780000)
 ParOldGen       total 46080K, used 42135K [0x00000000c0000000, 0x00000000c2d00000, 0x00000000eaa80000)
  object space 46080K, 91% used [0x00000000c0000000,0x00000000c2925e58,0x00000000c2d00000)
 PSPermGen       total 21504K, used 7625K [0x00000000b5a00000, 0x00000000b6f00000, 0x00000000c0000000)
  object space 21504K, 35% used [0x00000000b5a00000,0x00000000b61726b8,0x00000000b6f00000)
GC Heap History (10 events):
Event: 5.776 GC heap after
Heap after GC invocations=6 (full 0):
 PSYoungGen      total 72704K, used 6724K [0x00000000eaa80000, 0x00000000efa80000, 0x0000000100000000)
  eden space 63488K, 0% used [0x00000000eaa80000,0x00000000eaa80000,0x00000000ee880000)
  from space 9216K, 72% used [0x00000000ef180000,0x00000000ef811378,0x00000000efa80000)
  to   space 9216K, 0% used [0x00000000ee880000,0x00000000ee880000,0x00000000ef180000)
 ParOldGen       total 41984K, used 17988K [0x00000000c0000000, 0x00000000c2900000, 0x00000000eaa80000)
  object space 41984K, 42% used [0x00000000c0000000,0x00000000c1191220,0x00000000c2900000)
 PSPermGen       total 21504K, used 6801K [0x00000000b5a00000, 0x00000000b6f00000, 0x00000000c0000000)
  object space 21504K, 31% used [0x00000000b5a00000,0x00000000b60a4520,0x00000000b6f00000)
}
Event: 6.878 GC heap before
{Heap before GC invocations=7 (full 0):
 PSYoungGen      total 72704K, used 70212K [0x00000000eaa80000, 0x00000000efa80000, 0x0000000100000000)
  eden space 63488K, 100% used [0x00000000eaa80000,0x00000000ee880000,0x00000000ee880000)
  from space 9216K, 72% used [0x00000000ef180000,0x00000000ef811378,0x00000000efa80000)
  to   space 9216K, 0% used [0x00000000ee880000,0x00000000ee880000,0x00000000ef180000)
 ParOldGen       total 41984K, used 17988K [0x00000000c0000000, 0x00000000c2900000, 0x00000000eaa80000)
  object space 41984K, 42% used [0x00000000c0000000,0x00000000c1191220,0x00000000c2900000)
 PSPermGen       total 21504K, used 7495K [0x00000000b5a00000, 0x00000000b6f00000, 0x00000000c0000000)
  object space 21504K, 34% used [0x00000000b5a00000,0x00000000b6151fd8,0x00000000b6f00000)
Event: 6.888 GC heap after
Heap after GC invocations=7 (full 0):
 PSYoungGen      total 72704K, used 8254K [0x00000000eaa80000, 0x00000000f3980000, 0x0000000100000000)
  eden space 63488K, 0% used [0x00000000eaa80000,0x00000000eaa80000,0x00000000ee880000)
  from space 9216K, 89% used [0x00000000ee880000,0x00000000ef08f858,0x00000000ef180000)
  to   space 9728K, 0% used [0x00000000f3000000,0x00000000f3000000,0x00000000f3980000)
 ParOldGen       total 41984K, used 19178K [0x00000000c0000000, 0x00000000c2900000, 0x00000000eaa80000)
  object space 41984K, 45% used [0x00000000c0000000,0x00000000c12ba8c8,0x00000000c2900000)
 PSPermGen       total 21504K, used 7495K [0x00000000b5a00000, 0x00000000b6f00000, 0x00000000c0000000)
  object space 21504K, 34% used [0x00000000b5a00000,0x00000000b6151fd8,0x00000000b6f00000)
}
Event: 7.138 GC heap before
{Heap before GC invocations=8 (full 0):
 PSYoungGen      total 72704K, used 71742K [0x00000000eaa80000, 0x00000000f3980000, 0x0000000100000000)
  eden space 63488K, 100% used [0x00000000eaa80000,0x00000000ee880000,0x00000000ee880000)
  from space 9216K, 89% used [0x00000000ee880000,0x00000000ef08f858,0x00000000ef180000)
  to   space 9728K, 0% used [0x00000000f3000000,0x00000000f3000000,0x00000000f3980000)
 ParOldGen       total 41984K, used 19178K [0x00000000c0000000, 0x00000000c2900000, 0x00000000eaa80000)
  object space 41984K, 45% used [0x00000000c0000000,0x00000000c12ba8c8,0x00000000c2900000)
 PSPermGen       total 21504K, used 7517K [0x00000000b5a00000, 0x00000000b6f00000, 0x00000000c0000000)
  object space 21504K, 34% used [0x00000000b5a00000,0x00000000b6157700,0x00000000b6f00000)
Event: 7.148 GC heap after
Heap after GC invocations=8 (full 0):
 PSYoungGen      total 133120K, used 9718K [0x00000000eaa80000, 0x00000000f4080000, 0x0000000100000000)
  eden space 123392K, 0% used [0x00000000eaa80000,0x00000000eaa80000,0x00000000f2300000)
  from space 9728K, 99% used [0x00000000f3000000,0x00000000f397d9f0,0x00000000f3980000)
  to   space 13312K, 0% used [0x00000000f2300000,0x00000000f2300000,0x00000000f3000000)
 ParOldGen       total 41984K, used 24702K [0x00000000c0000000, 0x00000000c2900000, 0x00000000eaa80000)
  object space 41984K, 58% used [0x00000000c0000000,0x00000000c181fb40,0x00000000c2900000)
 PSPermGen       total 21504K, used 7517K [0x00000000b5a00000, 0x00000000b6f00000, 0x00000000c0000000)
  object space 21504K, 34% used [0x00000000b5a00000,0x00000000b6157700,0x00000000b6f00000)
}
Event: 7.647 GC heap before
{Heap before GC invocations=9 (full 0):
 PSYoungGen      total 133120K, used 133110K [0x00000000eaa80000, 0x00000000f4080000, 0x0000000100000000)
  eden space 123392K, 100% used [0x00000000eaa80000,0x00000000f2300000,0x00000000f2300000)
  from space 9728K, 99% used [0x00000000f3000000,0x00000000f397d9f0,0x00000000f3980000)
  to   space 13312K, 0% used [0x00000000f2300000,0x00000000f2300000,0x00000000f3000000)
 ParOldGen       total 41984K, used 24702K [0x00000000c0000000, 0x00000000c2900000, 0x00000000eaa80000)
  object space 41984K, 58% used [0x00000000c0000000,0x00000000c181fb40,0x00000000c2900000)
 PSPermGen       total 21504K, used 7617K [0x00000000b5a00000, 0x00000000b6f00000, 0x00000000c0000000)
  object space 21504K, 35% used [0x00000000b5a00000,0x00000000b61705e0,0x00000000b6f00000)
Event: 7.673 GC heap after
Heap after GC invocations=9 (full 0):
 PSYoungGen      total 136704K, used 12052K [0x00000000eaa80000, 0x00000000f8780000, 0x0000000100000000)
  eden space 123392K, 0% used [0x00000000eaa80000,0x00000000eaa80000,0x00000000f2300000)
  from space 13312K, 90% used [0x00000000f2300000,0x00000000f2ec53f8,0x00000000f3000000)
  to   space 14336K, 0% used [0x00000000f7980000,0x00000000f7980000,0x00000000f8780000)
 ParOldGen       total 41984K, used 31131K [0x00000000c0000000, 0x00000000c2900000, 0x00000000eaa80000)
  object space 41984K, 74% used [0x00000000c0000000,0x00000000c1e66fa0,0x00000000c2900000)
 PSPermGen       total 21504K, used 7617K [0x00000000b5a00000, 0x00000000b6f00000, 0x00000000c0000000)
  object space 21504K, 35% used [0x00000000b5a00000,0x00000000b61705e0,0x00000000b6f00000)
}
Event: 7.910 GC heap before
{Heap before GC invocations=10 (full 0):
 PSYoungGen      total 136704K, used 135444K [0x00000000eaa80000, 0x00000000f8780000, 0x0000000100000000)
  eden space 123392K, 100% used [0x00000000eaa80000,0x00000000f2300000,0x00000000f2300000)
  from space 13312K, 90% used [0x00000000f2300000,0x00000000f2ec53f8,0x00000000f3000000)
  to   space 14336K, 0% used [0x00000000f7980000,0x00000000f7980000,0x00000000f8780000)
 ParOldGen       total 41984K, used 31131K [0x00000000c0000000, 0x00000000c2900000, 0x00000000eaa80000)
  object space 41984K, 74% used [0x00000000c0000000,0x00000000c1e66fa0,0x00000000c2900000)
 PSPermGen       total 21504K, used 7620K [0x00000000b5a00000, 0x00000000b6f00000, 0x00000000c0000000)
  object space 21504K, 35% used [0x00000000b5a00000,0x00000000b6171210,0x00000000b6f00000)
Event: 8.113 GC heap after
Heap after GC invocations=10 (full 0):
 PSYoungGen      total 211968K, used 9367K [0x00000000eaa80000, 0x00000000f8780000, 0x0000000100000000)
  eden space 197632K, 0% used [0x00000000eaa80000,0x00000000eaa80000,0x00000000f6b80000)
  from space 14336K, 65% used [0x00000000f7980000,0x00000000f82a5d38,0x00000000f8780000)
  to   space 14336K, 0% used [0x00000000f6b80000,0x00000000f6b80000,0x00000000f7980000)
 ParOldGen       total 41984K, used 34277K [0x00000000c0000000, 0x00000000c2900000, 0x00000000eaa80000)
  object space 41984K, 81% used [0x00000000c0000000,0x00000000c2179748,0x00000000c2900000)
 PSPermGen       total 21504K, used 7620K [0x00000000b5a00000, 0x00000000b6f00000, 0x00000000c0000000)
  object space 21504K, 35% used [0x00000000b5a00000,0x00000000b6171210,0x00000000b6f00000)
}
Event: 8.586 GC heap before
{Heap before GC invocations=11 (full 0):
 PSYoungGen      total 211968K, used 206999K [0x00000000eaa80000, 0x00000000f8780000, 0x0000000100000000)
  eden space 197632K, 100% used [0x00000000eaa80000,0x00000000f6b80000,0x00000000f6b80000)
  from space 14336K, 65% used [0x00000000f7980000,0x00000000f82a5d38,0x00000000f8780000)
  to   space 14336K, 0% used [0x00000000f6b80000,0x00000000f6b80000,0x00000000f7980000)
 ParOldGen       total 41984K, used 34277K [0x00000000c0000000, 0x00000000c2900000, 0x00000000eaa80000)
  object space 41984K, 81% used [0x00000000c0000000,0x00000000c2179748,0x00000000c2900000)
 PSPermGen       total 21504K, used 7625K [0x00000000b5a00000, 0x00000000b6f00000, 0x00000000c0000000)
  object space 21504K, 35% used [0x00000000b5a00000,0x00000000b61726b8,0x00000000b6f00000)

