# JRE version: Java(TM) SE Runtime Environment (7.0_55-b13) (build 1.7.0_55-b13)
# Java VM: Java HotSpot(TM) 64-Bit Server VM (24.55-b03 mixed mode linux-amd64 compressed oops)
Heap
 PSYoungGen      total 218624K, used 18325K [0x00000000eaa80000, 0x00000000f9800000, 0x0000000100000000)
  eden space 198656K, 0% used [0x00000000eaa80000,0x00000000eaa80000,0x00000000f6c80000)
  from space 19968K, 91% used [0x00000000f6c80000,0x00000000f7e65700,0x00000000f8000000)
  to   space 15360K, 0% used [0x00000000f8000000,0x00000000f8000000,0x00000000f8f00000)
 ParOldGen       total 49664K, used 21541K [0x00000000c0000000, 0x00000000c3080000, 0x00000000eaa80000)
  object space 49664K, 43% used [0x00000000c0000000,0x00000000c1509480,0x00000000c3080000)
 PSPermGen       total 21504K, used 7157K [0x00000000bae00000, 0x00000000bc300000, 0x00000000c0000000)
  object space 21504K, 33% used [0x00000000bae00000,0x00000000bb4fd5e0,0x00000000bc300000)
GC Heap History (10 events):
Event: 6.698 GC heap after
Heap after GC invocations=7 (full 0):
 PSYoungGen      total 74240K, used 9106K [0x00000000eaa80000, 0x00000000f3c80000, 0x0000000100000000)
  eden space 63488K, 0% used [0x00000000eaa80000,0x00000000eaa80000,0x00000000ee880000)
  from space 10752K, 84% used [0x00000000ee880000,0x00000000ef164b70,0x00000000ef300000)
  to   space 11264K, 0% used [0x00000000f3180000,0x00000000f3180000,0x00000000f3c80000)
 ParOldGen       total 41984K, used 22515K [0x00000000c0000000, 0x00000000c2900000, 0x00000000eaa80000)
  object space 41984K, 53% used [0x00000000c0000000,0x00000000c15fcdb8,0x00000000c2900000)
 PSPermGen       total 21504K, used 7043K [0x00000000bae00000, 0x00000000bc300000, 0x00000000c0000000)
  object space 21504K, 32% used [0x00000000bae00000,0x00000000bb4e0ee0,0x00000000bc300000)
}
Event: 6.959 GC heap before
{Heap before GC invocations=8 (full 0):
 PSYoungGen      total 74240K, used 72594K [0x00000000eaa80000, 0x00000000f3c80000, 0x0000000100000000)
  eden space 63488K, 100% used [0x00000000eaa80000,0x00000000ee880000,0x00000000ee880000)
  from space 10752K, 84% used [0x00000000ee880000,0x00000000ef164b70,0x00000000ef300000)
  to   space 11264K, 0% used [0x00000000f3180000,0x00000000f3180000,0x00000000f3c80000)
 ParOldGen       total 41984K, used 22515K [0x00000000c0000000, 0x00000000c2900000, 0x00000000eaa80000)
  object space 41984K, 53% used [0x00000000c0000000,0x00000000c15fcdb8,0x00000000c2900000)
 PSPermGen       total 21504K, used 7056K [0x00000000bae00000, 0x00000000bc300000, 0x00000000c0000000)
  object space 21504K, 32% used [0x00000000bae00000,0x00000000bb4e4228,0x00000000bc300000)
Event: 6.970 GC heap after
Heap after GC invocations=8 (full 0):
 PSYoungGen      total 138240K, used 9152K [0x00000000eaa80000, 0x00000000f3c80000, 0x0000000100000000)
  eden space 126976K, 0% used [0x00000000eaa80000,0x00000000eaa80000,0x00000000f2680000)
  from space 11264K, 81% used [0x00000000f3180000,0x00000000f3a70258,0x00000000f3c80000)
  to   space 11264K, 0% used [0x00000000f2680000,0x00000000f2680000,0x00000000f3180000)
 ParOldGen       total 41984K, used 23059K [0x00000000c0000000, 0x00000000c2900000, 0x00000000eaa80000)
  object space 41984K, 54% used [0x00000000c0000000,0x00000000c1684db8,0x00000000c2900000)
 PSPermGen       total 21504K, used 7056K [0x00000000bae00000, 0x00000000bc300000, 0x00000000c0000000)
  object space 21504K, 32% used [0x00000000bae00000,0x00000000bb4e4228,0x00000000bc300000)
}
Event: 7.361 GC heap before
{Heap before GC invocations=9 (full 0):
 PSYoungGen      total 138240K, used 136128K [0x00000000eaa80000, 0x00000000f3c80000, 0x0000000100000000)
  eden space 126976K, 100% used [0x00000000eaa80000,0x00000000f2680000,0x00000000f2680000)
  from space 11264K, 81% used [0x00000000f3180000,0x00000000f3a70258,0x00000000f3c80000)
  to   space 11264K, 0% used [0x00000000f2680000,0x00000000f2680000,0x00000000f3180000)
 ParOldGen       total 41984K, used 23059K [0x00000000c0000000, 0x00000000c2900000, 0x00000000eaa80000)
  object space 41984K, 54% used [0x00000000c0000000,0x00000000c1684db8,0x00000000c2900000)
 PSPermGen       total 21504K, used 7150K [0x00000000bae00000, 0x00000000bc300000, 0x00000000c0000000)
  object space 21504K, 33% used [0x00000000bae00000,0x00000000bb4fba98,0x00000000bc300000)
Event: 7.380 GC heap after
Heap after GC invocations=9 (full 0):
 PSYoungGen      total 138240K, used 11253K [0x00000000eaa80000, 0x00000000f8f00000, 0x0000000100000000)
  eden space 126976K, 0% used [0x00000000eaa80000,0x00000000eaa80000,0x00000000f2680000)
  from space 11264K, 99% used [0x00000000f2680000,0x00000000f317d6e8,0x00000000f3180000)
  to   space 15360K, 0% used [0x00000000f8000000,0x00000000f8000000,0x00000000f8f00000)
 ParOldGen       total 41984K, used 29736K [0x00000000c0000000, 0x00000000c2900000, 0x00000000eaa80000)
  object space 41984K, 70% used [0x00000000c0000000,0x00000000c1d0a390,0x00000000c2900000)
 PSPermGen       total 21504K, used 7150K [0x00000000bae00000, 0x00000000bc300000, 0x00000000c0000000)
  object space 21504K, 33% used [0x00000000bae00000,0x00000000bb4fba98,0x00000000bc300000)
}
Event: 7.651 GC heap before
{Heap before GC invocations=10 (full 0):
 PSYoungGen      total 138240K, used 138229K [0x00000000eaa80000, 0x00000000f8f00000, 0x0000000100000000)
  eden space 126976K, 100% used [0x00000000eaa80000,0x00000000f2680000,0x00000000f2680000)
  from space 11264K, 99% used [0x00000000f2680000,0x00000000f317d6e8,0x00000000f3180000)
  to   space 15360K, 0% used [0x00000000f8000000,0x00000000f8000000,0x00000000f8f00000)
 ParOldGen       total 41984K, used 29736K [0x00000000c0000000, 0x00000000c2900000, 0x00000000eaa80000)
  object space 41984K, 70% used [0x00000000c0000000,0x00000000c1d0a390,0x00000000c2900000)
 PSPermGen       total 21504K, used 7154K [0x00000000bae00000, 0x00000000bc300000, 0x00000000c0000000)
  object space 21504K, 33% used [0x00000000bae00000,0x00000000bb4fc8b8,0x00000000bc300000)
Event: 7.761 GC heap after
Heap after GC invocations=10 (full 0):
 PSYoungGen      total 214016K, used 15337K [0x00000000eaa80000, 0x00000000f9800000, 0x0000000100000000)
  eden space 198656K, 0% used [0x00000000eaa80000,0x00000000eaa80000,0x00000000f6c80000)
  from space 15360K, 99% used [0x00000000f8000000,0x00000000f8efa6b0,0x00000000f8f00000)
  to   space 19968K, 0% used [0x00000000f6c80000,0x00000000f6c80000,0x00000000f8000000)
 ParOldGen       total 41984K, used 37028K [0x00000000c0000000, 0x00000000c2900000, 0x00000000eaa80000)
  object space 41984K, 88% used [0x00000000c0000000,0x00000000c24290f0,0x00000000c2900000)
 PSPermGen       total 21504K, used 7154K [0x00000000bae00000, 0x00000000bc300000, 0x00000000c0000000)
  object space 21504K, 33% used [0x00000000bae00000,0x00000000bb4fc8b8,0x00000000bc300000)
}
Event: 7.777 GC heap before
{Heap before GC invocations=11 (full 1):
 PSYoungGen      total 214016K, used 15337K [0x00000000eaa80000, 0x00000000f9800000, 0x0000000100000000)
  eden space 198656K, 0% used [0x00000000eaa80000,0x00000000eaa80000,0x00000000f6c80000)
  from space 15360K, 99% used [0x00000000f8000000,0x00000000f8efa6b0,0x00000000f8f00000)
  to   space 19968K, 0% used [0x00000000f6c80000,0x00000000f6c80000,0x00000000f8000000)
 ParOldGen       total 41984K, used 37028K [0x00000000c0000000, 0x00000000c2900000, 0x00000000eaa80000)
  object space 41984K, 88% used [0x00000000c0000000,0x00000000c24290f0,0x00000000c2900000)
 PSPermGen       total 21504K, used 7154K [0x00000000bae00000, 0x00000000bc300000, 0x00000000c0000000)
  object space 21504K, 33% used [0x00000000bae00000,0x00000000bb4fc8b8,0x00000000bc300000)
Event: 7.920 GC heap after
Heap after GC invocations=11 (full 1):
 PSYoungGen      total 214016K, used 0K [0x00000000eaa80000, 0x00000000f9800000, 0x0000000100000000)
  eden space 198656K, 0% used [0x00000000eaa80000,0x00000000eaa80000,0x00000000f6c80000)
  from space 15360K, 0% used [0x00000000f8000000,0x00000000f8000000,0x00000000f8f00000)
  to   space 19968K, 0% used [0x00000000f6c80000,0x00000000f6c80000,0x00000000f8000000)
 ParOldGen       total 49664K, used 21541K [0x00000000c0000000, 0x00000000c3080000, 0x00000000eaa80000)
  object space 49664K, 43% used [0x00000000c0000000,0x00000000c1509480,0x00000000c3080000)
 PSPermGen       total 21504K, used 7151K [0x00000000bae00000, 0x00000000bc300000, 0x00000000c0000000)
  object space 21504K, 33% used [0x00000000bae00000,0x00000000bb4fbd20,0x00000000bc300000)
}
Event: 8.528 GC heap before
{Heap before GC invocations=12 (full 1):
 PSYoungGen      total 214016K, used 198656K [0x00000000eaa80000, 0x00000000f9800000, 0x0000000100000000)
  eden space 198656K, 100% used [0x00000000eaa80000,0x00000000f6c80000,0x00000000f6c80000)
  from space 15360K, 0% used [0x00000000f8000000,0x00000000f8000000,0x00000000f8f00000)
  to   space 19968K, 0% used [0x00000000f6c80000,0x00000000f6c80000,0x00000000f8000000)
 ParOldGen       total 49664K, used 21541K [0x00000000c0000000, 0x00000000c3080000, 0x00000000eaa80000)
  object space 49664K, 43% used [0x00000000c0000000,0x00000000c1509480,0x00000000c3080000)
 PSPermGen       total 21504K, used 7157K [0x00000000bae00000, 0x00000000bc300000, 0x00000000c0000000)
  object space 21504K, 33% used [0x00000000bae00000,0x00000000bb4fd5e0,0x00000000bc300000)

